2017-07-05 17:34:59.013519: W tensorflow/core/platform/cpu_feature_guard.cc:45] The TensorFlow library wasn't compiled to use SSE4.1 instructions, but these are available on your machine and could speed up CPU computations.
2017-07-05 17:34:59.013552: W tensorflow/core/platform/cpu_feature_guard.cc:45] The TensorFlow library wasn't compiled to use SSE4.2 instructions, but these are available on your machine and could speed up CPU computations.
2017-07-05 17:34:59.013563: W tensorflow/core/platform/cpu_feature_guard.cc:45] The TensorFlow library wasn't compiled to use AVX instructions, but these are available on your machine and could speed up CPU computations.
2017-07-05 17:34:59.013569: W tensorflow/core/platform/cpu_feature_guard.cc:45] The TensorFlow library wasn't compiled to use AVX2 instructions, but these are available on your machine and could speed up CPU computations.
2017-07-05 17:34:59.013576: W tensorflow/core/platform/cpu_feature_guard.cc:45] The TensorFlow library wasn't compiled to use FMA instructions, but these are available on your machine and could speed up CPU computations.
2017-07-05 17:34:59.028824: I tensorflow/core/distributed_runtime/rpc/grpc_channel.cc:200] Initialize GrpcChannelCache for job worker -> {0 -> localhost:2223, 1 -> localhost:2224}
2017-07-05 17:34:59.028847: I tensorflow/core/distributed_runtime/rpc/grpc_channel.cc:200] Initialize GrpcChannelCache for job ps -> {0 -> localhost:2222}
2017-07-05 17:34:59.029214: I tensorflow/core/distributed_runtime/rpc/grpc_server_lib.cc:240] Started server with target: grpc://localhost:2222
2017-07-05 17:35:57.466605: W tensorflow/core/framework/op_kernel.cc:1152] Invalid argument: You must feed a value for placeholder tensor 'dropout_keep_prob' with dtype float
	 [[Node: dropout_keep_prob = Placeholder[dtype=DT_FLOAT, shape=[], _device="/job:worker/replica:0/task:0/cpu:0"]()]]
	 [[Node: input_x2_S809 = _Recv[client_terminated=false, recv_device="/job:ps/replica:0/task:0/cpu:0", send_device="/job:worker/replica:0/task:0/cpu:0", send_device_incarnation=5493975120510695297, tensor_name="edge_2479_input_x2", tensor_type=DT_INT32, _device="/job:ps/replica:0/task:0/cpu:0"]()]]
2017-07-05 17:35:57.468023: W tensorflow/core/framework/op_kernel.cc:1152] Invalid argument: You must feed a value for placeholder tensor 'dropout_keep_prob' with dtype float
	 [[Node: dropout_keep_prob = Placeholder[dtype=DT_FLOAT, shape=[], _device="/job:worker/replica:0/task:0/cpu:0"]()]]
	 [[Node: input_x2_S809 = _Recv[client_terminated=false, recv_device="/job:ps/replica:0/task:0/cpu:0", send_device="/job:worker/replica:0/task:0/cpu:0", send_device_incarnation=5493975120510695297, tensor_name="edge_2479_input_x2", tensor_type=DT_INT32, _device="/job:ps/replica:0/task:0/cpu:0"]()]]
2017-07-05 17:35:57.468323: W tensorflow/core/framework/op_kernel.cc:1152] Invalid argument: You must feed a value for placeholder tensor 'dropout_keep_prob' with dtype float
	 [[Node: dropout_keep_prob = Placeholder[dtype=DT_FLOAT, shape=[], _device="/job:worker/replica:0/task:0/cpu:0"]()]]
	 [[Node: input_x2_S809 = _Recv[client_terminated=false, recv_device="/job:ps/replica:0/task:0/cpu:0", send_device="/job:worker/replica:0/task:0/cpu:0", send_device_incarnation=5493975120510695297, tensor_name="edge_2479_input_x2", tensor_type=DT_INT32, _device="/job:ps/replica:0/task:0/cpu:0"]()]]
2017-07-05 17:35:57.468437: W tensorflow/core/framework/op_kernel.cc:1152] Invalid argument: You must feed a value for placeholder tensor 'dropout_keep_prob' with dtype float
	 [[Node: dropout_keep_prob = Placeholder[dtype=DT_FLOAT, shape=[], _device="/job:worker/replica:0/task:0/cpu:0"]()]]
	 [[Node: input_x2_S809 = _Recv[client_terminated=false, recv_device="/job:ps/replica:0/task:0/cpu:0", send_device="/job:worker/replica:0/task:0/cpu:0", send_device_incarnation=5493975120510695297, tensor_name="edge_2479_input_x2", tensor_type=DT_INT32, _device="/job:ps/replica:0/task:0/cpu:0"]()]]
2017-07-05 17:35:57.468482: W tensorflow/core/framework/op_kernel.cc:1152] Invalid argument: You must feed a value for placeholder tensor 'dropout_keep_prob' with dtype float
	 [[Node: dropout_keep_prob = Placeholder[dtype=DT_FLOAT, shape=[], _device="/job:worker/replica:0/task:0/cpu:0"]()]]
	 [[Node: input_x2_S809 = _Recv[client_terminated=false, recv_device="/job:ps/replica:0/task:0/cpu:0", send_device="/job:worker/replica:0/task:0/cpu:0", send_device_incarnation=5493975120510695297, tensor_name="edge_2479_input_x2", tensor_type=DT_INT32, _device="/job:ps/replica:0/task:0/cpu:0"]()]]
2017-07-05 17:35:57.468521: W tensorflow/core/framework/op_kernel.cc:1152] Invalid argument: You must feed a value for placeholder tensor 'dropout_keep_prob' with dtype float
	 [[Node: dropout_keep_prob = Placeholder[dtype=DT_FLOAT, shape=[], _device="/job:worker/replica:0/task:0/cpu:0"]()]]
	 [[Node: input_x2_S809 = _Recv[client_terminated=false, recv_device="/job:ps/replica:0/task:0/cpu:0", send_device="/job:worker/replica:0/task:0/cpu:0", send_device_incarnation=5493975120510695297, tensor_name="edge_2479_input_x2", tensor_type=DT_INT32, _device="/job:ps/replica:0/task:0/cpu:0"]()]]
2017-07-05 17:35:57.468559: W tensorflow/core/framework/op_kernel.cc:1152] Invalid argument: You must feed a value for placeholder tensor 'dropout_keep_prob' with dtype float
	 [[Node: dropout_keep_prob = Placeholder[dtype=DT_FLOAT, shape=[], _device="/job:worker/replica:0/task:0/cpu:0"]()]]
	 [[Node: input_x2_S809 = _Recv[client_terminated=false, recv_device="/job:ps/replica:0/task:0/cpu:0", send_device="/job:worker/replica:0/task:0/cpu:0", send_device_incarnation=5493975120510695297, tensor_name="edge_2479_input_x2", tensor_type=DT_INT32, _device="/job:ps/replica:0/task:0/cpu:0"]()]]
2017-07-05 17:35:57.468595: W tensorflow/core/framework/op_kernel.cc:1152] Invalid argument: You must feed a value for placeholder tensor 'dropout_keep_prob' with dtype float
	 [[Node: dropout_keep_prob = Placeholder[dtype=DT_FLOAT, shape=[], _device="/job:worker/replica:0/task:0/cpu:0"]()]]
	 [[Node: input_x2_S809 = _Recv[client_terminated=false, recv_device="/job:ps/replica:0/task:0/cpu:0", send_device="/job:worker/replica:0/task:0/cpu:0", send_device_incarnation=5493975120510695297, tensor_name="edge_2479_input_x2", tensor_type=DT_INT32, _device="/job:ps/replica:0/task:0/cpu:0"]()]]
2017-07-05 17:35:57.468631: W tensorflow/core/framework/op_kernel.cc:1152] Invalid argument: You must feed a value for placeholder tensor 'dropout_keep_prob' with dtype float
	 [[Node: dropout_keep_prob = Placeholder[dtype=DT_FLOAT, shape=[], _device="/job:worker/replica:0/task:0/cpu:0"]()]]
	 [[Node: input_x2_S809 = _Recv[client_terminated=false, recv_device="/job:ps/replica:0/task:0/cpu:0", send_device="/job:worker/replica:0/task:0/cpu:0", send_device_incarnation=5493975120510695297, tensor_name="edge_2479_input_x2", tensor_type=DT_INT32, _device="/job:ps/replica:0/task:0/cpu:0"]()]]
2017-07-05 17:35:57.468667: W tensorflow/core/framework/op_kernel.cc:1152] Invalid argument: You must feed a value for placeholder tensor 'dropout_keep_prob' with dtype float
	 [[Node: dropout_keep_prob = Placeholder[dtype=DT_FLOAT, shape=[], _device="/job:worker/replica:0/task:0/cpu:0"]()]]
	 [[Node: input_x2_S809 = _Recv[client_terminated=false, recv_device="/job:ps/replica:0/task:0/cpu:0", send_device="/job:worker/replica:0/task:0/cpu:0", send_device_incarnation=5493975120510695297, tensor_name="edge_2479_input_x2", tensor_type=DT_INT32, _device="/job:ps/replica:0/task:0/cpu:0"]()]]
2017-07-05 17:35:57.468701: W tensorflow/core/framework/op_kernel.cc:1152] Invalid argument: You must feed a value for placeholder tensor 'dropout_keep_prob' with dtype float
	 [[Node: dropout_keep_prob = Placeholder[dtype=DT_FLOAT, shape=[], _device="/job:worker/replica:0/task:0/cpu:0"]()]]
	 [[Node: input_x2_S809 = _Recv[client_terminated=false, recv_device="/job:ps/replica:0/task:0/cpu:0", send_device="/job:worker/replica:0/task:0/cpu:0", send_device_incarnation=5493975120510695297, tensor_name="edge_2479_input_x2", tensor_type=DT_INT32, _device="/job:ps/replica:0/task:0/cpu:0"]()]]
2017-07-05 17:35:57.468735: W tensorflow/core/framework/op_kernel.cc:1152] Invalid argument: You must feed a value for placeholder tensor 'dropout_keep_prob' with dtype float
	 [[Node: dropout_keep_prob = Placeholder[dtype=DT_FLOAT, shape=[], _device="/job:worker/replica:0/task:0/cpu:0"]()]]
	 [[Node: input_x2_S809 = _Recv[client_terminated=false, recv_device="/job:ps/replica:0/task:0/cpu:0", send_device="/job:worker/replica:0/task:0/cpu:0", send_device_incarnation=5493975120510695297, tensor_name="edge_2479_input_x2", tensor_type=DT_INT32, _device="/job:ps/replica:0/task:0/cpu:0"]()]]
2017-07-05 17:35:57.468768: W tensorflow/core/framework/op_kernel.cc:1152] Invalid argument: You must feed a value for placeholder tensor 'dropout_keep_prob' with dtype float
	 [[Node: dropout_keep_prob = Placeholder[dtype=DT_FLOAT, shape=[], _device="/job:worker/replica:0/task:0/cpu:0"]()]]
	 [[Node: input_x2_S809 = _Recv[client_terminated=false, recv_device="/job:ps/replica:0/task:0/cpu:0", send_device="/job:worker/replica:0/task:0/cpu:0", send_device_incarnation=5493975120510695297, tensor_name="edge_2479_input_x2", tensor_type=DT_INT32, _device="/job:ps/replica:0/task:0/cpu:0"]()]]
2017-07-05 17:35:57.468866: W tensorflow/core/framework/op_kernel.cc:1152] Invalid argument: You must feed a value for placeholder tensor 'dropout_keep_prob' with dtype float
	 [[Node: dropout_keep_prob = Placeholder[dtype=DT_FLOAT, shape=[], _device="/job:worker/replica:0/task:0/cpu:0"]()]]
	 [[Node: input_x2_S809 = _Recv[client_terminated=false, recv_device="/job:ps/replica:0/task:0/cpu:0", send_device="/job:worker/replica:0/task:0/cpu:0", send_device_incarnation=5493975120510695297, tensor_name="edge_2479_input_x2", tensor_type=DT_INT32, _device="/job:ps/replica:0/task:0/cpu:0"]()]]
2017-07-05 17:35:57.469128: W tensorflow/core/framework/op_kernel.cc:1152] Invalid argument: You must feed a value for placeholder tensor 'dropout_keep_prob' with dtype float
	 [[Node: dropout_keep_prob = Placeholder[dtype=DT_FLOAT, shape=[], _device="/job:worker/replica:0/task:0/cpu:0"]()]]
	 [[Node: input_x2_S809 = _Recv[client_terminated=false, recv_device="/job:ps/replica:0/task:0/cpu:0", send_device="/job:worker/replica:0/task:0/cpu:0", send_device_incarnation=5493975120510695297, tensor_name="edge_2479_input_x2", tensor_type=DT_INT32, _device="/job:ps/replica:0/task:0/cpu:0"]()]]
2017-07-05 17:35:57.469602: W tensorflow/core/framework/op_kernel.cc:1152] Invalid argument: You must feed a value for placeholder tensor 'dropout_keep_prob' with dtype float
	 [[Node: dropout_keep_prob = Placeholder[dtype=DT_FLOAT, shape=[], _device="/job:worker/replica:0/task:0/cpu:0"]()]]
	 [[Node: input_x2_S809 = _Recv[client_terminated=false, recv_device="/job:ps/replica:0/task:0/cpu:0", send_device="/job:worker/replica:0/task:0/cpu:0", send_device_incarnation=5493975120510695297, tensor_name="edge_2479_input_x2", tensor_type=DT_INT32, _device="/job:ps/replica:0/task:0/cpu:0"]()]]
2017-07-05 17:35:57.469713: W tensorflow/core/framework/op_kernel.cc:1152] Invalid argument: You must feed a value for placeholder tensor 'dropout_keep_prob' with dtype float
	 [[Node: dropout_keep_prob = Placeholder[dtype=DT_FLOAT, shape=[], _device="/job:worker/replica:0/task:0/cpu:0"]()]]
	 [[Node: input_x2_S809 = _Recv[client_terminated=false, recv_device="/job:ps/replica:0/task:0/cpu:0", send_device="/job:worker/replica:0/task:0/cpu:0", send_device_incarnation=5493975120510695297, tensor_name="edge_2479_input_x2", tensor_type=DT_INT32, _device="/job:ps/replica:0/task:0/cpu:0"]()]]
2017-07-05 17:35:57.469897: W tensorflow/core/framework/op_kernel.cc:1152] Invalid argument: You must feed a value for placeholder tensor 'dropout_keep_prob' with dtype float
	 [[Node: dropout_keep_prob = Placeholder[dtype=DT_FLOAT, shape=[], _device="/job:worker/replica:0/task:0/cpu:0"]()]]
	 [[Node: input_x2_S809 = _Recv[client_terminated=false, recv_device="/job:ps/replica:0/task:0/cpu:0", send_device="/job:worker/replica:0/task:0/cpu:0", send_device_incarnation=5493975120510695297, tensor_name="edge_2479_input_x2", tensor_type=DT_INT32, _device="/job:ps/replica:0/task:0/cpu:0"]()]]
2017-07-05 17:35:57.470237: W tensorflow/core/framework/op_kernel.cc:1152] Invalid argument: You must feed a value for placeholder tensor 'dropout_keep_prob' with dtype float
	 [[Node: dropout_keep_prob = Placeholder[dtype=DT_FLOAT, shape=[], _device="/job:worker/replica:0/task:0/cpu:0"]()]]
	 [[Node: input_x2_S809 = _Recv[client_terminated=false, recv_device="/job:ps/replica:0/task:0/cpu:0", send_device="/job:worker/replica:0/task:0/cpu:0", send_device_incarnation=5493975120510695297, tensor_name="edge_2479_input_x2", tensor_type=DT_INT32, _device="/job:ps/replica:0/task:0/cpu:0"]()]]
2017-07-05 17:35:57.470286: W tensorflow/core/framework/op_kernel.cc:1152] Invalid argument: You must feed a value for placeholder tensor 'dropout_keep_prob' with dtype float
	 [[Node: dropout_keep_prob = Placeholder[dtype=DT_FLOAT, shape=[], _device="/job:worker/replica:0/task:0/cpu:0"]()]]
	 [[Node: input_x2_S809 = _Recv[client_terminated=false, recv_device="/job:ps/replica:0/task:0/cpu:0", send_device="/job:worker/replica:0/task:0/cpu:0", send_device_incarnation=5493975120510695297, tensor_name="edge_2479_input_x2", tensor_type=DT_INT32, _device="/job:ps/replica:0/task:0/cpu:0"]()]]
2017-07-05 17:35:57.470324: W tensorflow/core/framework/op_kernel.cc:1152] Invalid argument: You must feed a value for placeholder tensor 'dropout_keep_prob' with dtype float
	 [[Node: dropout_keep_prob = Placeholder[dtype=DT_FLOAT, shape=[], _device="/job:worker/replica:0/task:0/cpu:0"]()]]
	 [[Node: input_x2_S809 = _Recv[client_terminated=false, recv_device="/job:ps/replica:0/task:0/cpu:0", send_device="/job:worker/replica:0/task:0/cpu:0", send_device_incarnation=5493975120510695297, tensor_name="edge_2479_input_x2", tensor_type=DT_INT32, _device="/job:ps/replica:0/task:0/cpu:0"]()]]
2017-07-05 17:35:57.470362: W tensorflow/core/framework/op_kernel.cc:1152] Invalid argument: You must feed a value for placeholder tensor 'dropout_keep_prob' with dtype float
	 [[Node: dropout_keep_prob = Placeholder[dtype=DT_FLOAT, shape=[], _device="/job:worker/replica:0/task:0/cpu:0"]()]]
	 [[Node: input_x2_S809 = _Recv[client_terminated=false, recv_device="/job:ps/replica:0/task:0/cpu:0", send_device="/job:worker/replica:0/task:0/cpu:0", send_device_incarnation=5493975120510695297, tensor_name="edge_2479_input_x2", tensor_type=DT_INT32, _device="/job:ps/replica:0/task:0/cpu:0"]()]]
2017-07-05 17:35:57.470399: W tensorflow/core/framework/op_kernel.cc:1152] Invalid argument: You must feed a value for placeholder tensor 'dropout_keep_prob' with dtype float
	 [[Node: dropout_keep_prob = Placeholder[dtype=DT_FLOAT, shape=[], _device="/job:worker/replica:0/task:0/cpu:0"]()]]
	 [[Node: input_x2_S809 = _Recv[client_terminated=false, recv_device="/job:ps/replica:0/task:0/cpu:0", send_device="/job:worker/replica:0/task:0/cpu:0", send_device_incarnation=5493975120510695297, tensor_name="edge_2479_input_x2", tensor_type=DT_INT32, _device="/job:ps/replica:0/task:0/cpu:0"]()]]
2017-07-05 17:35:57.470436: W tensorflow/core/framework/op_kernel.cc:1152] Invalid argument: You must feed a value for placeholder tensor 'dropout_keep_prob' with dtype float
	 [[Node: dropout_keep_prob = Placeholder[dtype=DT_FLOAT, shape=[], _device="/job:worker/replica:0/task:0/cpu:0"]()]]
	 [[Node: input_x2_S809 = _Recv[client_terminated=false, recv_device="/job:ps/replica:0/task:0/cpu:0", send_device="/job:worker/replica:0/task:0/cpu:0", send_device_incarnation=5493975120510695297, tensor_name="edge_2479_input_x2", tensor_type=DT_INT32, _device="/job:ps/replica:0/task:0/cpu:0"]()]]
2017-07-05 17:35:57.470472: W tensorflow/core/framework/op_kernel.cc:1152] Invalid argument: You must feed a value for placeholder tensor 'dropout_keep_prob' with dtype float
	 [[Node: dropout_keep_prob = Placeholder[dtype=DT_FLOAT, shape=[], _device="/job:worker/replica:0/task:0/cpu:0"]()]]
	 [[Node: input_x2_S809 = _Recv[client_terminated=false, recv_device="/job:ps/replica:0/task:0/cpu:0", send_device="/job:worker/replica:0/task:0/cpu:0", send_device_incarnation=5493975120510695297, tensor_name="edge_2479_input_x2", tensor_type=DT_INT32, _device="/job:ps/replica:0/task:0/cpu:0"]()]]
2017-07-05 17:35:57.470507: W tensorflow/core/framework/op_kernel.cc:1152] Invalid argument: You must feed a value for placeholder tensor 'dropout_keep_prob' with dtype float
	 [[Node: dropout_keep_prob = Placeholder[dtype=DT_FLOAT, shape=[], _device="/job:worker/replica:0/task:0/cpu:0"]()]]
	 [[Node: input_x2_S809 = _Recv[client_terminated=false, recv_device="/job:ps/replica:0/task:0/cpu:0", send_device="/job:worker/replica:0/task:0/cpu:0", send_device_incarnation=5493975120510695297, tensor_name="edge_2479_input_x2", tensor_type=DT_INT32, _device="/job:ps/replica:0/task:0/cpu:0"]()]]
2017-07-05 17:35:57.470542: W tensorflow/core/framework/op_kernel.cc:1152] Invalid argument: You must feed a value for placeholder tensor 'dropout_keep_prob' with dtype float
	 [[Node: dropout_keep_prob = Placeholder[dtype=DT_FLOAT, shape=[], _device="/job:worker/replica:0/task:0/cpu:0"]()]]
	 [[Node: input_x2_S809 = _Recv[client_terminated=false, recv_device="/job:ps/replica:0/task:0/cpu:0", send_device="/job:worker/replica:0/task:0/cpu:0", send_device_incarnation=5493975120510695297, tensor_name="edge_2479_input_x2", tensor_type=DT_INT32, _device="/job:ps/replica:0/task:0/cpu:0"]()]]
2017-07-05 17:35:57.470578: W tensorflow/core/framework/op_kernel.cc:1152] Invalid argument: You must feed a value for placeholder tensor 'dropout_keep_prob' with dtype float
	 [[Node: dropout_keep_prob = Placeholder[dtype=DT_FLOAT, shape=[], _device="/job:worker/replica:0/task:0/cpu:0"]()]]
	 [[Node: input_x2_S809 = _Recv[client_terminated=false, recv_device="/job:ps/replica:0/task:0/cpu:0", send_device="/job:worker/replica:0/task:0/cpu:0", send_device_incarnation=5493975120510695297, tensor_name="edge_2479_input_x2", tensor_type=DT_INT32, _device="/job:ps/replica:0/task:0/cpu:0"]()]]
2017-07-05 17:35:57.470612: W tensorflow/core/framework/op_kernel.cc:1152] Invalid argument: You must feed a value for placeholder tensor 'dropout_keep_prob' with dtype float
	 [[Node: dropout_keep_prob = Placeholder[dtype=DT_FLOAT, shape=[], _device="/job:worker/replica:0/task:0/cpu:0"]()]]
	 [[Node: input_x2_S809 = _Recv[client_terminated=false, recv_device="/job:ps/replica:0/task:0/cpu:0", send_device="/job:worker/replica:0/task:0/cpu:0", send_device_incarnation=5493975120510695297, tensor_name="edge_2479_input_x2", tensor_type=DT_INT32, _device="/job:ps/replica:0/task:0/cpu:0"]()]]
2017-07-05 17:35:57.470645: W tensorflow/core/framework/op_kernel.cc:1152] Invalid argument: You must feed a value for placeholder tensor 'dropout_keep_prob' with dtype float
	 [[Node: dropout_keep_prob = Placeholder[dtype=DT_FLOAT, shape=[], _device="/job:worker/replica:0/task:0/cpu:0"]()]]
	 [[Node: input_x2_S809 = _Recv[client_terminated=false, recv_device="/job:ps/replica:0/task:0/cpu:0", send_device="/job:worker/replica:0/task:0/cpu:0", send_device_incarnation=5493975120510695297, tensor_name="edge_2479_input_x2", tensor_type=DT_INT32, _device="/job:ps/replica:0/task:0/cpu:0"]()]]
2017-07-05 17:35:57.470680: W tensorflow/core/framework/op_kernel.cc:1152] Invalid argument: You must feed a value for placeholder tensor 'dropout_keep_prob' with dtype float
	 [[Node: dropout_keep_prob = Placeholder[dtype=DT_FLOAT, shape=[], _device="/job:worker/replica:0/task:0/cpu:0"]()]]
	 [[Node: input_x2_S809 = _Recv[client_terminated=false, recv_device="/job:ps/replica:0/task:0/cpu:0", send_device="/job:worker/replica:0/task:0/cpu:0", send_device_incarnation=5493975120510695297, tensor_name="edge_2479_input_x2", tensor_type=DT_INT32, _device="/job:ps/replica:0/task:0/cpu:0"]()]]
2017-07-05 17:35:57.470713: W tensorflow/core/framework/op_kernel.cc:1152] Invalid argument: You must feed a value for placeholder tensor 'dropout_keep_prob' with dtype float
	 [[Node: dropout_keep_prob = Placeholder[dtype=DT_FLOAT, shape=[], _device="/job:worker/replica:0/task:0/cpu:0"]()]]
	 [[Node: input_x2_S809 = _Recv[client_terminated=false, recv_device="/job:ps/replica:0/task:0/cpu:0", send_device="/job:worker/replica:0/task:0/cpu:0", send_device_incarnation=5493975120510695297, tensor_name="edge_2479_input_x2", tensor_type=DT_INT32, _device="/job:ps/replica:0/task:0/cpu:0"]()]]
2017-07-05 17:35:57.471219: W tensorflow/core/framework/op_kernel.cc:1152] Invalid argument: You must feed a value for placeholder tensor 'dropout_keep_prob' with dtype float
	 [[Node: dropout_keep_prob = Placeholder[dtype=DT_FLOAT, shape=[], _device="/job:worker/replica:0/task:0/cpu:0"]()]]
	 [[Node: input_x2_S809 = _Recv[client_terminated=false, recv_device="/job:ps/replica:0/task:0/cpu:0", send_device="/job:worker/replica:0/task:0/cpu:0", send_device_incarnation=5493975120510695297, tensor_name="edge_2479_input_x2", tensor_type=DT_INT32, _device="/job:ps/replica:0/task:0/cpu:0"]()]]
2017-07-05 17:35:57.471343: W tensorflow/core/framework/op_kernel.cc:1152] Invalid argument: You must feed a value for placeholder tensor 'dropout_keep_prob' with dtype float
	 [[Node: dropout_keep_prob = Placeholder[dtype=DT_FLOAT, shape=[], _device="/job:worker/replica:0/task:0/cpu:0"]()]]
	 [[Node: input_x2_S809 = _Recv[client_terminated=false, recv_device="/job:ps/replica:0/task:0/cpu:0", send_device="/job:worker/replica:0/task:0/cpu:0", send_device_incarnation=5493975120510695297, tensor_name="edge_2479_input_x2", tensor_type=DT_INT32, _device="/job:ps/replica:0/task:0/cpu:0"]()]]
2017-07-05 17:35:57.471396: W tensorflow/core/framework/op_kernel.cc:1152] Invalid argument: You must feed a value for placeholder tensor 'dropout_keep_prob' with dtype float
	 [[Node: dropout_keep_prob = Placeholder[dtype=DT_FLOAT, shape=[], _device="/job:worker/replica:0/task:0/cpu:0"]()]]
	 [[Node: input_x2_S809 = _Recv[client_terminated=false, recv_device="/job:ps/replica:0/task:0/cpu:0", send_device="/job:worker/replica:0/task:0/cpu:0", send_device_incarnation=5493975120510695297, tensor_name="edge_2479_input_x2", tensor_type=DT_INT32, _device="/job:ps/replica:0/task:0/cpu:0"]()]]
2017-07-05 17:35:57.471435: W tensorflow/core/framework/op_kernel.cc:1152] Invalid argument: You must feed a value for placeholder tensor 'dropout_keep_prob' with dtype float
	 [[Node: dropout_keep_prob = Placeholder[dtype=DT_FLOAT, shape=[], _device="/job:worker/replica:0/task:0/cpu:0"]()]]
	 [[Node: input_x2_S809 = _Recv[client_terminated=false, recv_device="/job:ps/replica:0/task:0/cpu:0", send_device="/job:worker/replica:0/task:0/cpu:0", send_device_incarnation=5493975120510695297, tensor_name="edge_2479_input_x2", tensor_type=DT_INT32, _device="/job:ps/replica:0/task:0/cpu:0"]()]]
2017-07-05 17:35:57.471473: W tensorflow/core/framework/op_kernel.cc:1152] Invalid argument: You must feed a value for placeholder tensor 'dropout_keep_prob' with dtype float
	 [[Node: dropout_keep_prob = Placeholder[dtype=DT_FLOAT, shape=[], _device="/job:worker/replica:0/task:0/cpu:0"]()]]
	 [[Node: input_x2_S809 = _Recv[client_terminated=false, recv_device="/job:ps/replica:0/task:0/cpu:0", send_device="/job:worker/replica:0/task:0/cpu:0", send_device_incarnation=5493975120510695297, tensor_name="edge_2479_input_x2", tensor_type=DT_INT32, _device="/job:ps/replica:0/task:0/cpu:0"]()]]
2017-07-05 17:35:57.471514: W tensorflow/core/framework/op_kernel.cc:1152] Invalid argument: You must feed a value for placeholder tensor 'dropout_keep_prob' with dtype float
	 [[Node: dropout_keep_prob = Placeholder[dtype=DT_FLOAT, shape=[], _device="/job:worker/replica:0/task:0/cpu:0"]()]]
	 [[Node: input_x2_S809 = _Recv[client_terminated=false, recv_device="/job:ps/replica:0/task:0/cpu:0", send_device="/job:worker/replica:0/task:0/cpu:0", send_device_incarnation=5493975120510695297, tensor_name="edge_2479_input_x2", tensor_type=DT_INT32, _device="/job:ps/replica:0/task:0/cpu:0"]()]]
2017-07-05 17:35:57.471550: W tensorflow/core/framework/op_kernel.cc:1152] Invalid argument: You must feed a value for placeholder tensor 'dropout_keep_prob' with dtype float
	 [[Node: dropout_keep_prob = Placeholder[dtype=DT_FLOAT, shape=[], _device="/job:worker/replica:0/task:0/cpu:0"]()]]
	 [[Node: input_x2_S809 = _Recv[client_terminated=false, recv_device="/job:ps/replica:0/task:0/cpu:0", send_device="/job:worker/replica:0/task:0/cpu:0", send_device_incarnation=5493975120510695297, tensor_name="edge_2479_input_x2", tensor_type=DT_INT32, _device="/job:ps/replica:0/task:0/cpu:0"]()]]
2017-07-05 17:35:57.471586: W tensorflow/core/framework/op_kernel.cc:1152] Invalid argument: You must feed a value for placeholder tensor 'dropout_keep_prob' with dtype float
	 [[Node: dropout_keep_prob = Placeholder[dtype=DT_FLOAT, shape=[], _device="/job:worker/replica:0/task:0/cpu:0"]()]]
	 [[Node: input_x2_S809 = _Recv[client_terminated=false, recv_device="/job:ps/replica:0/task:0/cpu:0", send_device="/job:worker/replica:0/task:0/cpu:0", send_device_incarnation=5493975120510695297, tensor_name="edge_2479_input_x2", tensor_type=DT_INT32, _device="/job:ps/replica:0/task:0/cpu:0"]()]]
2017-07-05 17:35:57.471621: W tensorflow/core/framework/op_kernel.cc:1152] Invalid argument: You must feed a value for placeholder tensor 'dropout_keep_prob' with dtype float
	 [[Node: dropout_keep_prob = Placeholder[dtype=DT_FLOAT, shape=[], _device="/job:worker/replica:0/task:0/cpu:0"]()]]
	 [[Node: input_x2_S809 = _Recv[client_terminated=false, recv_device="/job:ps/replica:0/task:0/cpu:0", send_device="/job:worker/replica:0/task:0/cpu:0", send_device_incarnation=5493975120510695297, tensor_name="edge_2479_input_x2", tensor_type=DT_INT32, _device="/job:ps/replica:0/task:0/cpu:0"]()]]
2017-07-05 17:35:57.471655: W tensorflow/core/framework/op_kernel.cc:1152] Invalid argument: You must feed a value for placeholder tensor 'dropout_keep_prob' with dtype float
	 [[Node: dropout_keep_prob = Placeholder[dtype=DT_FLOAT, shape=[], _device="/job:worker/replica:0/task:0/cpu:0"]()]]
	 [[Node: input_x2_S809 = _Recv[client_terminated=false, recv_device="/job:ps/replica:0/task:0/cpu:0", send_device="/job:worker/replica:0/task:0/cpu:0", send_device_incarnation=5493975120510695297, tensor_name="edge_2479_input_x2", tensor_type=DT_INT32, _device="/job:ps/replica:0/task:0/cpu:0"]()]]
2017-07-05 17:35:57.471690: W tensorflow/core/framework/op_kernel.cc:1152] Invalid argument: You must feed a value for placeholder tensor 'dropout_keep_prob' with dtype float
	 [[Node: dropout_keep_prob = Placeholder[dtype=DT_FLOAT, shape=[], _device="/job:worker/replica:0/task:0/cpu:0"]()]]
	 [[Node: input_x2_S809 = _Recv[client_terminated=false, recv_device="/job:ps/replica:0/task:0/cpu:0", send_device="/job:worker/replica:0/task:0/cpu:0", send_device_incarnation=5493975120510695297, tensor_name="edge_2479_input_x2", tensor_type=DT_INT32, _device="/job:ps/replica:0/task:0/cpu:0"]()]]
2017-07-05 17:35:57.471724: W tensorflow/core/framework/op_kernel.cc:1152] Invalid argument: You must feed a value for placeholder tensor 'dropout_keep_prob' with dtype float
	 [[Node: dropout_keep_prob = Placeholder[dtype=DT_FLOAT, shape=[], _device="/job:worker/replica:0/task:0/cpu:0"]()]]
	 [[Node: input_x2_S809 = _Recv[client_terminated=false, recv_device="/job:ps/replica:0/task:0/cpu:0", send_device="/job:worker/replica:0/task:0/cpu:0", send_device_incarnation=5493975120510695297, tensor_name="edge_2479_input_x2", tensor_type=DT_INT32, _device="/job:ps/replica:0/task:0/cpu:0"]()]]
2017-07-05 17:35:57.471757: W tensorflow/core/framework/op_kernel.cc:1152] Invalid argument: You must feed a value for placeholder tensor 'dropout_keep_prob' with dtype float
	 [[Node: dropout_keep_prob = Placeholder[dtype=DT_FLOAT, shape=[], _device="/job:worker/replica:0/task:0/cpu:0"]()]]
	 [[Node: input_x2_S809 = _Recv[client_terminated=false, recv_device="/job:ps/replica:0/task:0/cpu:0", send_device="/job:worker/replica:0/task:0/cpu:0", send_device_incarnation=5493975120510695297, tensor_name="edge_2479_input_x2", tensor_type=DT_INT32, _device="/job:ps/replica:0/task:0/cpu:0"]()]]
2017-07-05 17:35:57.471792: W tensorflow/core/framework/op_kernel.cc:1152] Invalid argument: You must feed a value for placeholder tensor 'dropout_keep_prob' with dtype float
	 [[Node: dropout_keep_prob = Placeholder[dtype=DT_FLOAT, shape=[], _device="/job:worker/replica:0/task:0/cpu:0"]()]]
	 [[Node: input_x2_S809 = _Recv[client_terminated=false, recv_device="/job:ps/replica:0/task:0/cpu:0", send_device="/job:worker/replica:0/task:0/cpu:0", send_device_incarnation=5493975120510695297, tensor_name="edge_2479_input_x2", tensor_type=DT_INT32, _device="/job:ps/replica:0/task:0/cpu:0"]()]]
2017-07-05 17:35:57.471826: W tensorflow/core/framework/op_kernel.cc:1152] Invalid argument: You must feed a value for placeholder tensor 'dropout_keep_prob' with dtype float
	 [[Node: dropout_keep_prob = Placeholder[dtype=DT_FLOAT, shape=[], _device="/job:worker/replica:0/task:0/cpu:0"]()]]
	 [[Node: input_x2_S809 = _Recv[client_terminated=false, recv_device="/job:ps/replica:0/task:0/cpu:0", send_device="/job:worker/replica:0/task:0/cpu:0", send_device_incarnation=5493975120510695297, tensor_name="edge_2479_input_x2", tensor_type=DT_INT32, _device="/job:ps/replica:0/task:0/cpu:0"]()]]
2017-07-05 17:35:57.471860: W tensorflow/core/framework/op_kernel.cc:1152] Invalid argument: You must feed a value for placeholder tensor 'dropout_keep_prob' with dtype float
	 [[Node: dropout_keep_prob = Placeholder[dtype=DT_FLOAT, shape=[], _device="/job:worker/replica:0/task:0/cpu:0"]()]]
	 [[Node: input_x2_S809 = _Recv[client_terminated=false, recv_device="/job:ps/replica:0/task:0/cpu:0", send_device="/job:worker/replica:0/task:0/cpu:0", send_device_incarnation=5493975120510695297, tensor_name="edge_2479_input_x2", tensor_type=DT_INT32, _device="/job:ps/replica:0/task:0/cpu:0"]()]]
2017-07-05 17:35:57.471895: W tensorflow/core/framework/op_kernel.cc:1152] Invalid argument: You must feed a value for placeholder tensor 'dropout_keep_prob' with dtype float
	 [[Node: dropout_keep_prob = Placeholder[dtype=DT_FLOAT, shape=[], _device="/job:worker/replica:0/task:0/cpu:0"]()]]
	 [[Node: input_x2_S809 = _Recv[client_terminated=false, recv_device="/job:ps/replica:0/task:0/cpu:0", send_device="/job:worker/replica:0/task:0/cpu:0", send_device_incarnation=5493975120510695297, tensor_name="edge_2479_input_x2", tensor_type=DT_INT32, _device="/job:ps/replica:0/task:0/cpu:0"]()]]
2017-07-05 17:35:57.471928: W tensorflow/core/framework/op_kernel.cc:1152] Invalid argument: You must feed a value for placeholder tensor 'dropout_keep_prob' with dtype float
	 [[Node: dropout_keep_prob = Placeholder[dtype=DT_FLOAT, shape=[], _device="/job:worker/replica:0/task:0/cpu:0"]()]]
	 [[Node: input_x2_S809 = _Recv[client_terminated=false, recv_device="/job:ps/replica:0/task:0/cpu:0", send_device="/job:worker/replica:0/task:0/cpu:0", send_device_incarnation=5493975120510695297, tensor_name="edge_2479_input_x2", tensor_type=DT_INT32, _device="/job:ps/replica:0/task:0/cpu:0"]()]]
2017-07-05 17:35:57.471962: W tensorflow/core/framework/op_kernel.cc:1152] Invalid argument: You must feed a value for placeholder tensor 'dropout_keep_prob' with dtype float
	 [[Node: dropout_keep_prob = Placeholder[dtype=DT_FLOAT, shape=[], _device="/job:worker/replica:0/task:0/cpu:0"]()]]
	 [[Node: input_x2_S809 = _Recv[client_terminated=false, recv_device="/job:ps/replica:0/task:0/cpu:0", send_device="/job:worker/replica:0/task:0/cpu:0", send_device_incarnation=5493975120510695297, tensor_name="edge_2479_input_x2", tensor_type=DT_INT32, _device="/job:ps/replica:0/task:0/cpu:0"]()]]
2017-07-05 17:35:57.471996: W tensorflow/core/framework/op_kernel.cc:1152] Invalid argument: You must feed a value for placeholder tensor 'dropout_keep_prob' with dtype float
	 [[Node: dropout_keep_prob = Placeholder[dtype=DT_FLOAT, shape=[], _device="/job:worker/replica:0/task:0/cpu:0"]()]]
	 [[Node: input_x2_S809 = _Recv[client_terminated=false, recv_device="/job:ps/replica:0/task:0/cpu:0", send_device="/job:worker/replica:0/task:0/cpu:0", send_device_incarnation=5493975120510695297, tensor_name="edge_2479_input_x2", tensor_type=DT_INT32, _device="/job:ps/replica:0/task:0/cpu:0"]()]]
2017-07-05 17:35:57.472029: W tensorflow/core/framework/op_kernel.cc:1152] Invalid argument: You must feed a value for placeholder tensor 'dropout_keep_prob' with dtype float
	 [[Node: dropout_keep_prob = Placeholder[dtype=DT_FLOAT, shape=[], _device="/job:worker/replica:0/task:0/cpu:0"]()]]
	 [[Node: input_x2_S809 = _Recv[client_terminated=false, recv_device="/job:ps/replica:0/task:0/cpu:0", send_device="/job:worker/replica:0/task:0/cpu:0", send_device_incarnation=5493975120510695297, tensor_name="edge_2479_input_x2", tensor_type=DT_INT32, _device="/job:ps/replica:0/task:0/cpu:0"]()]]
2017-07-05 17:35:57.472061: W tensorflow/core/framework/op_kernel.cc:1152] Invalid argument: You must feed a value for placeholder tensor 'dropout_keep_prob' with dtype float
	 [[Node: dropout_keep_prob = Placeholder[dtype=DT_FLOAT, shape=[], _device="/job:worker/replica:0/task:0/cpu:0"]()]]
	 [[Node: input_x2_S809 = _Recv[client_terminated=false, recv_device="/job:ps/replica:0/task:0/cpu:0", send_device="/job:worker/replica:0/task:0/cpu:0", send_device_incarnation=5493975120510695297, tensor_name="edge_2479_input_x2", tensor_type=DT_INT32, _device="/job:ps/replica:0/task:0/cpu:0"]()]]
2017-07-05 17:35:57.472096: W tensorflow/core/framework/op_kernel.cc:1152] Invalid argument: You must feed a value for placeholder tensor 'dropout_keep_prob' with dtype float
	 [[Node: dropout_keep_prob = Placeholder[dtype=DT_FLOAT, shape=[], _device="/job:worker/replica:0/task:0/cpu:0"]()]]
	 [[Node: input_x2_S809 = _Recv[client_terminated=false, recv_device="/job:ps/replica:0/task:0/cpu:0", send_device="/job:worker/replica:0/task:0/cpu:0", send_device_incarnation=5493975120510695297, tensor_name="edge_2479_input_x2", tensor_type=DT_INT32, _device="/job:ps/replica:0/task:0/cpu:0"]()]]
2017-07-05 17:35:57.472130: W tensorflow/core/framework/op_kernel.cc:1152] Invalid argument: You must feed a value for placeholder tensor 'dropout_keep_prob' with dtype float
	 [[Node: dropout_keep_prob = Placeholder[dtype=DT_FLOAT, shape=[], _device="/job:worker/replica:0/task:0/cpu:0"]()]]
	 [[Node: input_x2_S809 = _Recv[client_terminated=false, recv_device="/job:ps/replica:0/task:0/cpu:0", send_device="/job:worker/replica:0/task:0/cpu:0", send_device_incarnation=5493975120510695297, tensor_name="edge_2479_input_x2", tensor_type=DT_INT32, _device="/job:ps/replica:0/task:0/cpu:0"]()]]
2017-07-05 17:35:57.472164: W tensorflow/core/framework/op_kernel.cc:1152] Invalid argument: You must feed a value for placeholder tensor 'dropout_keep_prob' with dtype float
	 [[Node: dropout_keep_prob = Placeholder[dtype=DT_FLOAT, shape=[], _device="/job:worker/replica:0/task:0/cpu:0"]()]]
	 [[Node: input_x2_S809 = _Recv[client_terminated=false, recv_device="/job:ps/replica:0/task:0/cpu:0", send_device="/job:worker/replica:0/task:0/cpu:0", send_device_incarnation=5493975120510695297, tensor_name="edge_2479_input_x2", tensor_type=DT_INT32, _device="/job:ps/replica:0/task:0/cpu:0"]()]]
2017-07-05 17:35:57.472198: W tensorflow/core/framework/op_kernel.cc:1152] Invalid argument: You must feed a value for placeholder tensor 'dropout_keep_prob' with dtype float
	 [[Node: dropout_keep_prob = Placeholder[dtype=DT_FLOAT, shape=[], _device="/job:worker/replica:0/task:0/cpu:0"]()]]
	 [[Node: input_x2_S809 = _Recv[client_terminated=false, recv_device="/job:ps/replica:0/task:0/cpu:0", send_device="/job:worker/replica:0/task:0/cpu:0", send_device_incarnation=5493975120510695297, tensor_name="edge_2479_input_x2", tensor_type=DT_INT32, _device="/job:ps/replica:0/task:0/cpu:0"]()]]
2017-07-05 17:35:57.472232: W tensorflow/core/framework/op_kernel.cc:1152] Invalid argument: You must feed a value for placeholder tensor 'dropout_keep_prob' with dtype float
	 [[Node: dropout_keep_prob = Placeholder[dtype=DT_FLOAT, shape=[], _device="/job:worker/replica:0/task:0/cpu:0"]()]]
	 [[Node: input_x2_S809 = _Recv[client_terminated=false, recv_device="/job:ps/replica:0/task:0/cpu:0", send_device="/job:worker/replica:0/task:0/cpu:0", send_device_incarnation=5493975120510695297, tensor_name="edge_2479_input_x2", tensor_type=DT_INT32, _device="/job:ps/replica:0/task:0/cpu:0"]()]]
2017-07-05 17:35:57.472266: W tensorflow/core/framework/op_kernel.cc:1152] Invalid argument: You must feed a value for placeholder tensor 'dropout_keep_prob' with dtype float
	 [[Node: dropout_keep_prob = Placeholder[dtype=DT_FLOAT, shape=[], _device="/job:worker/replica:0/task:0/cpu:0"]()]]
	 [[Node: input_x2_S809 = _Recv[client_terminated=false, recv_device="/job:ps/replica:0/task:0/cpu:0", send_device="/job:worker/replica:0/task:0/cpu:0", send_device_incarnation=5493975120510695297, tensor_name="edge_2479_input_x2", tensor_type=DT_INT32, _device="/job:ps/replica:0/task:0/cpu:0"]()]]
2017-07-05 17:35:57.472301: W tensorflow/core/framework/op_kernel.cc:1152] Invalid argument: You must feed a value for placeholder tensor 'dropout_keep_prob' with dtype float
	 [[Node: dropout_keep_prob = Placeholder[dtype=DT_FLOAT, shape=[], _device="/job:worker/replica:0/task:0/cpu:0"]()]]
	 [[Node: input_x2_S809 = _Recv[client_terminated=false, recv_device="/job:ps/replica:0/task:0/cpu:0", send_device="/job:worker/replica:0/task:0/cpu:0", send_device_incarnation=5493975120510695297, tensor_name="edge_2479_input_x2", tensor_type=DT_INT32, _device="/job:ps/replica:0/task:0/cpu:0"]()]]
2017-07-05 17:35:57.472335: W tensorflow/core/framework/op_kernel.cc:1152] Invalid argument: You must feed a value for placeholder tensor 'dropout_keep_prob' with dtype float
	 [[Node: dropout_keep_prob = Placeholder[dtype=DT_FLOAT, shape=[], _device="/job:worker/replica:0/task:0/cpu:0"]()]]
	 [[Node: input_x2_S809 = _Recv[client_terminated=false, recv_device="/job:ps/replica:0/task:0/cpu:0", send_device="/job:worker/replica:0/task:0/cpu:0", send_device_incarnation=5493975120510695297, tensor_name="edge_2479_input_x2", tensor_type=DT_INT32, _device="/job:ps/replica:0/task:0/cpu:0"]()]]
2017-07-05 17:35:57.472368: W tensorflow/core/framework/op_kernel.cc:1152] Invalid argument: You must feed a value for placeholder tensor 'dropout_keep_prob' with dtype float
	 [[Node: dropout_keep_prob = Placeholder[dtype=DT_FLOAT, shape=[], _device="/job:worker/replica:0/task:0/cpu:0"]()]]
	 [[Node: input_x2_S809 = _Recv[client_terminated=false, recv_device="/job:ps/replica:0/task:0/cpu:0", send_device="/job:worker/replica:0/task:0/cpu:0", send_device_incarnation=5493975120510695297, tensor_name="edge_2479_input_x2", tensor_type=DT_INT32, _device="/job:ps/replica:0/task:0/cpu:0"]()]]
2017-07-05 17:35:57.472401: W tensorflow/core/framework/op_kernel.cc:1152] Invalid argument: You must feed a value for placeholder tensor 'dropout_keep_prob' with dtype float
	 [[Node: dropout_keep_prob = Placeholder[dtype=DT_FLOAT, shape=[], _device="/job:worker/replica:0/task:0/cpu:0"]()]]
	 [[Node: input_x2_S809 = _Recv[client_terminated=false, recv_device="/job:ps/replica:0/task:0/cpu:0", send_device="/job:worker/replica:0/task:0/cpu:0", send_device_incarnation=5493975120510695297, tensor_name="edge_2479_input_x2", tensor_type=DT_INT32, _device="/job:ps/replica:0/task:0/cpu:0"]()]]
2017-07-05 17:35:57.472436: W tensorflow/core/framework/op_kernel.cc:1152] Invalid argument: You must feed a value for placeholder tensor 'dropout_keep_prob' with dtype float
	 [[Node: dropout_keep_prob = Placeholder[dtype=DT_FLOAT, shape=[], _device="/job:worker/replica:0/task:0/cpu:0"]()]]
	 [[Node: input_x2_S809 = _Recv[client_terminated=false, recv_device="/job:ps/replica:0/task:0/cpu:0", send_device="/job:worker/replica:0/task:0/cpu:0", send_device_incarnation=5493975120510695297, tensor_name="edge_2479_input_x2", tensor_type=DT_INT32, _device="/job:ps/replica:0/task:0/cpu:0"]()]]
2017-07-05 17:35:57.472470: W tensorflow/core/framework/op_kernel.cc:1152] Invalid argument: You must feed a value for placeholder tensor 'dropout_keep_prob' with dtype float
	 [[Node: dropout_keep_prob = Placeholder[dtype=DT_FLOAT, shape=[], _device="/job:worker/replica:0/task:0/cpu:0"]()]]
	 [[Node: input_x2_S809 = _Recv[client_terminated=false, recv_device="/job:ps/replica:0/task:0/cpu:0", send_device="/job:worker/replica:0/task:0/cpu:0", send_device_incarnation=5493975120510695297, tensor_name="edge_2479_input_x2", tensor_type=DT_INT32, _device="/job:ps/replica:0/task:0/cpu:0"]()]]
2017-07-05 17:35:57.472505: W tensorflow/core/framework/op_kernel.cc:1152] Invalid argument: You must feed a value for placeholder tensor 'dropout_keep_prob' with dtype float
	 [[Node: dropout_keep_prob = Placeholder[dtype=DT_FLOAT, shape=[], _device="/job:worker/replica:0/task:0/cpu:0"]()]]
	 [[Node: input_x2_S809 = _Recv[client_terminated=false, recv_device="/job:ps/replica:0/task:0/cpu:0", send_device="/job:worker/replica:0/task:0/cpu:0", send_device_incarnation=5493975120510695297, tensor_name="edge_2479_input_x2", tensor_type=DT_INT32, _device="/job:ps/replica:0/task:0/cpu:0"]()]]
2017-07-05 17:35:57.472539: W tensorflow/core/framework/op_kernel.cc:1152] Invalid argument: You must feed a value for placeholder tensor 'dropout_keep_prob' with dtype float
	 [[Node: dropout_keep_prob = Placeholder[dtype=DT_FLOAT, shape=[], _device="/job:worker/replica:0/task:0/cpu:0"]()]]
	 [[Node: input_x2_S809 = _Recv[client_terminated=false, recv_device="/job:ps/replica:0/task:0/cpu:0", send_device="/job:worker/replica:0/task:0/cpu:0", send_device_incarnation=5493975120510695297, tensor_name="edge_2479_input_x2", tensor_type=DT_INT32, _device="/job:ps/replica:0/task:0/cpu:0"]()]]
2017-07-05 17:35:57.472573: W tensorflow/core/framework/op_kernel.cc:1152] Invalid argument: You must feed a value for placeholder tensor 'dropout_keep_prob' with dtype float
	 [[Node: dropout_keep_prob = Placeholder[dtype=DT_FLOAT, shape=[], _device="/job:worker/replica:0/task:0/cpu:0"]()]]
	 [[Node: input_x2_S809 = _Recv[client_terminated=false, recv_device="/job:ps/replica:0/task:0/cpu:0", send_device="/job:worker/replica:0/task:0/cpu:0", send_device_incarnation=5493975120510695297, tensor_name="edge_2479_input_x2", tensor_type=DT_INT32, _device="/job:ps/replica:0/task:0/cpu:0"]()]]
2017-07-05 17:35:57.472607: W tensorflow/core/framework/op_kernel.cc:1152] Invalid argument: You must feed a value for placeholder tensor 'dropout_keep_prob' with dtype float
	 [[Node: dropout_keep_prob = Placeholder[dtype=DT_FLOAT, shape=[], _device="/job:worker/replica:0/task:0/cpu:0"]()]]
	 [[Node: input_x2_S809 = _Recv[client_terminated=false, recv_device="/job:ps/replica:0/task:0/cpu:0", send_device="/job:worker/replica:0/task:0/cpu:0", send_device_incarnation=5493975120510695297, tensor_name="edge_2479_input_x2", tensor_type=DT_INT32, _device="/job:ps/replica:0/task:0/cpu:0"]()]]
2017-07-05 17:35:57.472640: W tensorflow/core/framework/op_kernel.cc:1152] Invalid argument: You must feed a value for placeholder tensor 'dropout_keep_prob' with dtype float
	 [[Node: dropout_keep_prob = Placeholder[dtype=DT_FLOAT, shape=[], _device="/job:worker/replica:0/task:0/cpu:0"]()]]
	 [[Node: input_x2_S809 = _Recv[client_terminated=false, recv_device="/job:ps/replica:0/task:0/cpu:0", send_device="/job:worker/replica:0/task:0/cpu:0", send_device_incarnation=5493975120510695297, tensor_name="edge_2479_input_x2", tensor_type=DT_INT32, _device="/job:ps/replica:0/task:0/cpu:0"]()]]
2017-07-05 17:35:57.472674: W tensorflow/core/framework/op_kernel.cc:1152] Invalid argument: You must feed a value for placeholder tensor 'dropout_keep_prob' with dtype float
	 [[Node: dropout_keep_prob = Placeholder[dtype=DT_FLOAT, shape=[], _device="/job:worker/replica:0/task:0/cpu:0"]()]]
	 [[Node: input_x2_S809 = _Recv[client_terminated=false, recv_device="/job:ps/replica:0/task:0/cpu:0", send_device="/job:worker/replica:0/task:0/cpu:0", send_device_incarnation=5493975120510695297, tensor_name="edge_2479_input_x2", tensor_type=DT_INT32, _device="/job:ps/replica:0/task:0/cpu:0"]()]]
2017-07-05 17:35:57.472709: W tensorflow/core/framework/op_kernel.cc:1152] Invalid argument: You must feed a value for placeholder tensor 'dropout_keep_prob' with dtype float
	 [[Node: dropout_keep_prob = Placeholder[dtype=DT_FLOAT, shape=[], _device="/job:worker/replica:0/task:0/cpu:0"]()]]
	 [[Node: input_x2_S809 = _Recv[client_terminated=false, recv_device="/job:ps/replica:0/task:0/cpu:0", send_device="/job:worker/replica:0/task:0/cpu:0", send_device_incarnation=5493975120510695297, tensor_name="edge_2479_input_x2", tensor_type=DT_INT32, _device="/job:ps/replica:0/task:0/cpu:0"]()]]
2017-07-05 17:35:57.472744: W tensorflow/core/framework/op_kernel.cc:1152] Invalid argument: You must feed a value for placeholder tensor 'dropout_keep_prob' with dtype float
	 [[Node: dropout_keep_prob = Placeholder[dtype=DT_FLOAT, shape=[], _device="/job:worker/replica:0/task:0/cpu:0"]()]]
	 [[Node: input_x2_S809 = _Recv[client_terminated=false, recv_device="/job:ps/replica:0/task:0/cpu:0", send_device="/job:worker/replica:0/task:0/cpu:0", send_device_incarnation=5493975120510695297, tensor_name="edge_2479_input_x2", tensor_type=DT_INT32, _device="/job:ps/replica:0/task:0/cpu:0"]()]]
2017-07-05 17:35:57.472778: W tensorflow/core/framework/op_kernel.cc:1152] Invalid argument: You must feed a value for placeholder tensor 'dropout_keep_prob' with dtype float
	 [[Node: dropout_keep_prob = Placeholder[dtype=DT_FLOAT, shape=[], _device="/job:worker/replica:0/task:0/cpu:0"]()]]
	 [[Node: input_x2_S809 = _Recv[client_terminated=false, recv_device="/job:ps/replica:0/task:0/cpu:0", send_device="/job:worker/replica:0/task:0/cpu:0", send_device_incarnation=5493975120510695297, tensor_name="edge_2479_input_x2", tensor_type=DT_INT32, _device="/job:ps/replica:0/task:0/cpu:0"]()]]
2017-07-05 17:35:57.472873: W tensorflow/core/framework/op_kernel.cc:1152] Invalid argument: You must feed a value for placeholder tensor 'dropout_keep_prob' with dtype float
	 [[Node: dropout_keep_prob = Placeholder[dtype=DT_FLOAT, shape=[], _device="/job:worker/replica:0/task:0/cpu:0"]()]]
	 [[Node: input_x2_S809 = _Recv[client_terminated=false, recv_device="/job:ps/replica:0/task:0/cpu:0", send_device="/job:worker/replica:0/task:0/cpu:0", send_device_incarnation=5493975120510695297, tensor_name="edge_2479_input_x2", tensor_type=DT_INT32, _device="/job:ps/replica:0/task:0/cpu:0"]()]]
2017-07-05 17:35:57.472963: W tensorflow/core/framework/op_kernel.cc:1152] Invalid argument: You must feed a value for placeholder tensor 'dropout_keep_prob' with dtype float
	 [[Node: dropout_keep_prob = Placeholder[dtype=DT_FLOAT, shape=[], _device="/job:worker/replica:0/task:0/cpu:0"]()]]
	 [[Node: input_x2_S809 = _Recv[client_terminated=false, recv_device="/job:ps/replica:0/task:0/cpu:0", send_device="/job:worker/replica:0/task:0/cpu:0", send_device_incarnation=5493975120510695297, tensor_name="edge_2479_input_x2", tensor_type=DT_INT32, _device="/job:ps/replica:0/task:0/cpu:0"]()]]
2017-07-05 17:35:57.473055: W tensorflow/core/framework/op_kernel.cc:1152] Invalid argument: You must feed a value for placeholder tensor 'dropout_keep_prob' with dtype float
	 [[Node: dropout_keep_prob = Placeholder[dtype=DT_FLOAT, shape=[], _device="/job:worker/replica:0/task:0/cpu:0"]()]]
	 [[Node: input_x2_S809 = _Recv[client_terminated=false, recv_device="/job:ps/replica:0/task:0/cpu:0", send_device="/job:worker/replica:0/task:0/cpu:0", send_device_incarnation=5493975120510695297, tensor_name="edge_2479_input_x2", tensor_type=DT_INT32, _device="/job:ps/replica:0/task:0/cpu:0"]()]]
