2017-07-04 19:44:28.909676: W tensorflow/core/platform/cpu_feature_guard.cc:45] The TensorFlow library wasn't compiled to use SSE4.1 instructions, but these are available on your machine and could speed up CPU computations.
2017-07-04 19:44:28.909702: W tensorflow/core/platform/cpu_feature_guard.cc:45] The TensorFlow library wasn't compiled to use SSE4.2 instructions, but these are available on your machine and could speed up CPU computations.
2017-07-04 19:44:28.909707: W tensorflow/core/platform/cpu_feature_guard.cc:45] The TensorFlow library wasn't compiled to use AVX instructions, but these are available on your machine and could speed up CPU computations.
2017-07-04 19:44:28.909712: W tensorflow/core/platform/cpu_feature_guard.cc:45] The TensorFlow library wasn't compiled to use AVX2 instructions, but these are available on your machine and could speed up CPU computations.
2017-07-04 19:44:28.909717: W tensorflow/core/platform/cpu_feature_guard.cc:45] The TensorFlow library wasn't compiled to use FMA instructions, but these are available on your machine and could speed up CPU computations.
2017-07-04 19:44:28.923183: I tensorflow/core/distributed_runtime/rpc/grpc_channel.cc:200] Initialize GrpcChannelCache for job worker -> {0 -> localhost:2223, 1 -> localhost:2224}
2017-07-04 19:44:28.923208: I tensorflow/core/distributed_runtime/rpc/grpc_channel.cc:200] Initialize GrpcChannelCache for job ps -> {0 -> localhost:2222}
2017-07-04 19:44:28.923569: I tensorflow/core/distributed_runtime/rpc/grpc_server_lib.cc:240] Started server with target: grpc://localhost:2224
2017-07-04 19:44:59.482080: I tensorflow/core/distributed_runtime/master_session.cc:1012] Start master session 5d71159fa135099b with config: 
device_filters: "/job:ps"
device_filters: "/job:worker/task:1"
allow_soft_placement: true

2017-07-04 19:45:00.768180: I tensorflow/core/distributed_runtime/master_session.cc:1012] Start master session 919f02ee63c7e988 with config: 
device_filters: "/job:ps"
device_filters: "/job:worker/task:1"
allow_soft_placement: true

2017-07-04 19:51:09.297909: I tensorflow/core/distributed_runtime/master_session.cc:1012] Start master session f2c4df7ec311971c with config: 
device_filters: "/job:ps"
device_filters: "/job:worker/task:1"
allow_soft_placement: true

