job name = worker
task index = 0
Worker 0: Initializing session...
Using existing server at: grpc://localhost:2223
Worker 0: Session initialization complete.
Training begins @ 1499169070.301688
Extracting example_train_data/part_1/train-images-idx3-ubyte.gz
Extracting example_train_data/part_1/train-labels-idx1-ubyte.gz
Extracting example_train_data/part_1/t10k-images-idx3-ubyte.gz
Extracting example_train_data/part_1/t10k-labels-idx1-ubyte.gz
1499169072.773628: Worker 0: training step 1 done (global step: 339)
1499169072.779753: Worker 0: training step 2 done (global step: 340)
1499169072.785155: Worker 0: training step 3 done (global step: 341)
1499169072.791769: Worker 0: training step 4 done (global step: 342)
1499169072.802239: Worker 0: training step 5 done (global step: 343)
1499169072.811673: Worker 0: training step 6 done (global step: 344)
1499169072.820923: Worker 0: training step 7 done (global step: 346)
1499169072.830318: Worker 0: training step 8 done (global step: 348)
1499169072.877697: Worker 0: training step 9 done (global step: 352)
1499169072.908385: Worker 0: training step 10 done (global step: 355)
1499169072.926344: Worker 0: training step 11 done (global step: 357)
1499169072.947526: Worker 0: training step 12 done (global step: 360)
1499169072.961424: Worker 0: training step 13 done (global step: 362)
1499169072.969569: Worker 0: training step 14 done (global step: 364)
1499169072.982081: Worker 0: training step 15 done (global step: 366)
1499169072.992126: Worker 0: training step 16 done (global step: 368)
1499169073.000086: Worker 0: training step 17 done (global step: 370)
1499169073.009666: Worker 0: training step 18 done (global step: 371)
1499169073.019547: Worker 0: training step 19 done (global step: 373)
1499169073.027864: Worker 0: training step 20 done (global step: 375)
1499169073.035087: Worker 0: training step 21 done (global step: 376)
1499169073.051936: Worker 0: training step 22 done (global step: 377)
1499169073.066189: Worker 0: training step 23 done (global step: 378)
1499169073.077158: Worker 0: training step 24 done (global step: 379)
1499169073.085097: Worker 0: training step 25 done (global step: 380)
1499169073.097147: Worker 0: training step 26 done (global step: 381)
1499169073.109292: Worker 0: training step 27 done (global step: 382)
1499169073.116197: Worker 0: training step 28 done (global step: 383)
1499169073.121705: Worker 0: training step 29 done (global step: 384)
1499169073.127081: Worker 0: training step 30 done (global step: 385)
1499169073.132423: Worker 0: training step 31 done (global step: 386)
1499169073.137763: Worker 0: training step 32 done (global step: 387)
1499169073.143301: Worker 0: training step 33 done (global step: 388)
1499169073.153106: Worker 0: training step 34 done (global step: 389)
1499169073.165530: Worker 0: training step 35 done (global step: 392)
1499169073.176876: Worker 0: training step 36 done (global step: 394)
1499169073.193754: Worker 0: training step 37 done (global step: 396)
1499169073.214581: Worker 0: training step 38 done (global step: 398)
1499169073.240488: Worker 0: training step 39 done (global step: 401)
1499169073.250403: Worker 0: training step 40 done (global step: 403)
1499169073.261202: Worker 0: training step 41 done (global step: 405)
1499169073.273305: Worker 0: training step 42 done (global step: 407)
1499169073.283886: Worker 0: training step 43 done (global step: 409)
1499169073.294445: Worker 0: training step 44 done (global step: 411)
1499169073.303923: Worker 0: training step 45 done (global step: 413)
1499169073.313927: Worker 0: training step 46 done (global step: 415)
1499169073.324579: Worker 0: training step 47 done (global step: 417)
1499169073.334758: Worker 0: training step 48 done (global step: 419)
1499169073.348533: Worker 0: training step 49 done (global step: 421)
1499169073.354711: Worker 0: training step 50 done (global step: 422)
1499169073.361425: Worker 0: training step 51 done (global step: 423)
1499169073.368485: Worker 0: training step 52 done (global step: 424)
1499169073.375315: Worker 0: training step 53 done (global step: 425)
1499169073.381661: Worker 0: training step 54 done (global step: 426)
1499169073.387441: Worker 0: training step 55 done (global step: 427)
1499169073.395377: Worker 0: training step 56 done (global step: 428)
1499169073.403634: Worker 0: training step 57 done (global step: 429)
1499169073.411779: Worker 0: training step 58 done (global step: 430)
1499169073.418333: Worker 0: training step 59 done (global step: 431)
1499169073.428032: Worker 0: training step 60 done (global step: 432)
1499169073.436260: Worker 0: training step 61 done (global step: 433)
1499169073.443976: Worker 0: training step 62 done (global step: 434)
1499169073.451127: Worker 0: training step 63 done (global step: 435)
1499169073.458151: Worker 0: training step 64 done (global step: 436)
1499169073.464319: Worker 0: training step 65 done (global step: 437)
1499169073.475787: Worker 0: training step 66 done (global step: 439)
1499169073.484954: Worker 0: training step 67 done (global step: 441)
1499169073.494931: Worker 0: training step 68 done (global step: 443)
1499169073.506479: Worker 0: training step 69 done (global step: 445)
1499169073.516473: Worker 0: training step 70 done (global step: 447)
1499169073.526834: Worker 0: training step 71 done (global step: 449)
1499169073.535731: Worker 0: training step 72 done (global step: 451)
1499169073.545797: Worker 0: training step 73 done (global step: 453)
1499169073.557212: Worker 0: training step 74 done (global step: 455)
1499169073.565894: Worker 0: training step 75 done (global step: 457)
1499169073.577408: Worker 0: training step 76 done (global step: 459)
1499169073.585707: Worker 0: training step 77 done (global step: 460)
1499169073.596901: Worker 0: training step 78 done (global step: 463)
1499169073.608849: Worker 0: training step 79 done (global step: 464)
1499169073.620962: Worker 0: training step 80 done (global step: 466)
1499169073.630197: Worker 0: training step 81 done (global step: 469)
1499169073.637032: Worker 0: training step 82 done (global step: 471)
1499169073.646253: Worker 0: training step 83 done (global step: 472)
1499169073.653092: Worker 0: training step 84 done (global step: 473)
1499169073.660413: Worker 0: training step 85 done (global step: 474)
1499169073.666466: Worker 0: training step 86 done (global step: 475)
1499169073.673827: Worker 0: training step 87 done (global step: 476)
1499169073.679659: Worker 0: training step 88 done (global step: 477)
1499169073.684909: Worker 0: training step 89 done (global step: 478)
1499169073.691070: Worker 0: training step 90 done (global step: 479)
1499169073.696544: Worker 0: training step 91 done (global step: 480)
1499169073.702329: Worker 0: training step 92 done (global step: 481)
1499169073.708478: Worker 0: training step 93 done (global step: 482)
1499169073.714586: Worker 0: training step 94 done (global step: 483)
1499169073.721326: Worker 0: training step 95 done (global step: 484)
1499169073.728357: Worker 0: training step 96 done (global step: 485)
1499169073.733708: Worker 0: training step 97 done (global step: 486)
1499169073.739966: Worker 0: training step 98 done (global step: 487)
1499169073.745517: Worker 0: training step 99 done (global step: 488)
1499169073.750403: Worker 0: training step 100 done (global step: 489)
1499169073.756064: Worker 0: training step 101 done (global step: 490)
1499169073.764231: Worker 0: training step 102 done (global step: 492)
1499169073.775595: Worker 0: training step 103 done (global step: 494)
1499169073.784417: Worker 0: training step 104 done (global step: 496)
1499169073.792266: Worker 0: training step 105 done (global step: 497)
1499169073.803139: Worker 0: training step 106 done (global step: 499)
1499169073.811321: Worker 0: training step 107 done (global step: 501)
Training ends @ 1499169073.811362
Training elapsed time: 3.509674 s
After 500 training step(s), validation cross entropy = 778.678
