job name = worker
task index = 1
Worker 1: Waiting for session to be initialized...
Using existing server at: grpc://localhost:2224
Worker 1: Session initialization complete.
Training begins @ 1499244618.133596
Extracting example_train_data/part_2/train-images-idx3-ubyte.gz
Extracting example_train_data/part_2/train-labels-idx1-ubyte.gz
Extracting example_train_data/part_2/t10k-images-idx3-ubyte.gz
Extracting example_train_data/part_2/t10k-labels-idx1-ubyte.gz
1499244619.321288: Worker 1: training step 1 done (global step: 29)
1499244619.327730: Worker 1: training step 2 done (global step: 30)
1499244619.333745: Worker 1: training step 3 done (global step: 31)
1499244619.339986: Worker 1: training step 4 done (global step: 32)
1499244619.345605: Worker 1: training step 5 done (global step: 33)
1499244619.351991: Worker 1: training step 6 done (global step: 34)
1499244619.357842: Worker 1: training step 7 done (global step: 35)
1499244619.363699: Worker 1: training step 8 done (global step: 36)
1499244619.369988: Worker 1: training step 9 done (global step: 37)
1499244619.375868: Worker 1: training step 10 done (global step: 38)
1499244619.381702: Worker 1: training step 11 done (global step: 39)
1499244619.387319: Worker 1: training step 12 done (global step: 40)
1499244619.393025: Worker 1: training step 13 done (global step: 41)
1499244619.398560: Worker 1: training step 14 done (global step: 42)
1499244619.405642: Worker 1: training step 15 done (global step: 43)
1499244619.411915: Worker 1: training step 16 done (global step: 44)
1499244619.418143: Worker 1: training step 17 done (global step: 45)
1499244619.425532: Worker 1: training step 18 done (global step: 46)
1499244619.431663: Worker 1: training step 19 done (global step: 47)
1499244619.438476: Worker 1: training step 20 done (global step: 48)
1499244619.444252: Worker 1: training step 21 done (global step: 49)
1499244619.451848: Worker 1: training step 22 done (global step: 50)
1499244619.459268: Worker 1: training step 23 done (global step: 51)
1499244619.466138: Worker 1: training step 24 done (global step: 52)
1499244619.472532: Worker 1: training step 25 done (global step: 53)
1499244619.478358: Worker 1: training step 26 done (global step: 54)
1499244619.484682: Worker 1: training step 27 done (global step: 55)
1499244619.491926: Worker 1: training step 28 done (global step: 56)
1499244619.498722: Worker 1: training step 29 done (global step: 57)
1499244619.507685: Worker 1: training step 30 done (global step: 58)
1499244619.513881: Worker 1: training step 31 done (global step: 59)
1499244619.521557: Worker 1: training step 32 done (global step: 60)
1499244619.527523: Worker 1: training step 33 done (global step: 61)
1499244619.533707: Worker 1: training step 34 done (global step: 62)
1499244619.539753: Worker 1: training step 35 done (global step: 63)
1499244619.545454: Worker 1: training step 36 done (global step: 64)
1499244619.551614: Worker 1: training step 37 done (global step: 65)
1499244619.558288: Worker 1: training step 38 done (global step: 66)
1499244619.564180: Worker 1: training step 39 done (global step: 67)
1499244619.572798: Worker 1: training step 40 done (global step: 68)
1499244619.578855: Worker 1: training step 41 done (global step: 69)
1499244619.586136: Worker 1: training step 42 done (global step: 70)
1499244619.592328: Worker 1: training step 43 done (global step: 71)
1499244619.599076: Worker 1: training step 44 done (global step: 72)
1499244619.605232: Worker 1: training step 45 done (global step: 73)
1499244619.611933: Worker 1: training step 46 done (global step: 74)
1499244619.618618: Worker 1: training step 47 done (global step: 75)
1499244619.625401: Worker 1: training step 48 done (global step: 76)
1499244619.631072: Worker 1: training step 49 done (global step: 77)
1499244619.638915: Worker 1: training step 50 done (global step: 78)
1499244619.645311: Worker 1: training step 51 done (global step: 79)
1499244619.652375: Worker 1: training step 52 done (global step: 80)
1499244619.659399: Worker 1: training step 53 done (global step: 81)
1499244619.665165: Worker 1: training step 54 done (global step: 82)
1499244619.672474: Worker 1: training step 55 done (global step: 83)
1499244619.678385: Worker 1: training step 56 done (global step: 84)
1499244619.685830: Worker 1: training step 57 done (global step: 85)
1499244619.691786: Worker 1: training step 58 done (global step: 86)
1499244619.698696: Worker 1: training step 59 done (global step: 87)
1499244619.705935: Worker 1: training step 60 done (global step: 88)
1499244619.713445: Worker 1: training step 61 done (global step: 89)
1499244619.724936: Worker 1: training step 62 done (global step: 90)
1499244619.733483: Worker 1: training step 63 done (global step: 91)
1499244619.742790: Worker 1: training step 64 done (global step: 92)
1499244619.752008: Worker 1: training step 65 done (global step: 93)
1499244619.757970: Worker 1: training step 66 done (global step: 94)
1499244619.763709: Worker 1: training step 67 done (global step: 95)
1499244619.772320: Worker 1: training step 68 done (global step: 96)
1499244619.778470: Worker 1: training step 69 done (global step: 97)
1499244619.785229: Worker 1: training step 70 done (global step: 98)
1499244619.792045: Worker 1: training step 71 done (global step: 99)
1499244619.798950: Worker 1: training step 72 done (global step: 100)
1499244619.805648: Worker 1: training step 73 done (global step: 101)
1499244619.812369: Worker 1: training step 74 done (global step: 102)
1499244619.819536: Worker 1: training step 75 done (global step: 103)
1499244619.826351: Worker 1: training step 76 done (global step: 104)
1499244619.832488: Worker 1: training step 77 done (global step: 105)
1499244619.838688: Worker 1: training step 78 done (global step: 106)
1499244619.844152: Worker 1: training step 79 done (global step: 107)
1499244619.850034: Worker 1: training step 80 done (global step: 108)
1499244619.856850: Worker 1: training step 81 done (global step: 109)
1499244619.862691: Worker 1: training step 82 done (global step: 110)
1499244619.869679: Worker 1: training step 83 done (global step: 111)
1499244619.876137: Worker 1: training step 84 done (global step: 112)
1499244619.882404: Worker 1: training step 85 done (global step: 113)
1499244619.888597: Worker 1: training step 86 done (global step: 114)
1499244619.894319: Worker 1: training step 87 done (global step: 115)
1499244619.902128: Worker 1: training step 88 done (global step: 116)
1499244619.908353: Worker 1: training step 89 done (global step: 117)
1499244619.914374: Worker 1: training step 90 done (global step: 118)
1499244619.920966: Worker 1: training step 91 done (global step: 119)
1499244619.927868: Worker 1: training step 92 done (global step: 120)
1499244619.935207: Worker 1: training step 93 done (global step: 121)
1499244619.942203: Worker 1: training step 94 done (global step: 122)
1499244619.948965: Worker 1: training step 95 done (global step: 123)
1499244619.957718: Worker 1: training step 96 done (global step: 124)
1499244619.963337: Worker 1: training step 97 done (global step: 125)
1499244619.970863: Worker 1: training step 98 done (global step: 126)
1499244619.977698: Worker 1: training step 99 done (global step: 127)
1499244619.984803: Worker 1: training step 100 done (global step: 128)
1499244619.990823: Worker 1: training step 101 done (global step: 129)
1499244619.998462: Worker 1: training step 102 done (global step: 130)
1499244620.006033: Worker 1: training step 103 done (global step: 131)
1499244620.013096: Worker 1: training step 104 done (global step: 132)
1499244620.021056: Worker 1: training step 105 done (global step: 133)
1499244620.027110: Worker 1: training step 106 done (global step: 134)
1499244620.037146: Worker 1: training step 107 done (global step: 135)
1499244620.045032: Worker 1: training step 108 done (global step: 136)
1499244620.052058: Worker 1: training step 109 done (global step: 137)
1499244620.059476: Worker 1: training step 110 done (global step: 138)
1499244620.066348: Worker 1: training step 111 done (global step: 139)
1499244620.073611: Worker 1: training step 112 done (global step: 140)
1499244620.081446: Worker 1: training step 113 done (global step: 141)
1499244620.094136: Worker 1: training step 114 done (global step: 142)
1499244620.103255: Worker 1: training step 115 done (global step: 143)
1499244620.108599: Worker 1: training step 116 done (global step: 144)
1499244620.115798: Worker 1: training step 117 done (global step: 145)
1499244620.122474: Worker 1: training step 118 done (global step: 146)
1499244620.129795: Worker 1: training step 119 done (global step: 147)
1499244620.139121: Worker 1: training step 120 done (global step: 148)
1499244620.146299: Worker 1: training step 121 done (global step: 149)
1499244620.153610: Worker 1: training step 122 done (global step: 150)
1499244620.159807: Worker 1: training step 123 done (global step: 151)
1499244620.166232: Worker 1: training step 124 done (global step: 152)
1499244620.172945: Worker 1: training step 125 done (global step: 153)
1499244620.179057: Worker 1: training step 126 done (global step: 154)
1499244620.186920: Worker 1: training step 127 done (global step: 155)
1499244620.192869: Worker 1: training step 128 done (global step: 156)
1499244620.200142: Worker 1: training step 129 done (global step: 157)
1499244620.206642: Worker 1: training step 130 done (global step: 158)
1499244620.213061: Worker 1: training step 131 done (global step: 159)
1499244620.220468: Worker 1: training step 132 done (global step: 160)
1499244620.226397: Worker 1: training step 133 done (global step: 161)
1499244620.232716: Worker 1: training step 134 done (global step: 162)
1499244620.243000: Worker 1: training step 135 done (global step: 163)
1499244620.253811: Worker 1: training step 136 done (global step: 164)
1499244620.260390: Worker 1: training step 137 done (global step: 165)
1499244620.267547: Worker 1: training step 138 done (global step: 166)
1499244620.274555: Worker 1: training step 139 done (global step: 167)
1499244620.281053: Worker 1: training step 140 done (global step: 168)
1499244620.309344: Worker 1: training step 141 done (global step: 169)
1499244620.319553: Worker 1: training step 142 done (global step: 170)
1499244620.326928: Worker 1: training step 143 done (global step: 171)
1499244620.333978: Worker 1: training step 144 done (global step: 172)
1499244620.341383: Worker 1: training step 145 done (global step: 173)
1499244620.347817: Worker 1: training step 146 done (global step: 174)
1499244620.354394: Worker 1: training step 147 done (global step: 175)
1499244620.360722: Worker 1: training step 148 done (global step: 176)
1499244620.369135: Worker 1: training step 149 done (global step: 177)
1499244620.375916: Worker 1: training step 150 done (global step: 178)
1499244620.381937: Worker 1: training step 151 done (global step: 179)
1499244620.388488: Worker 1: training step 152 done (global step: 180)
1499244620.394657: Worker 1: training step 153 done (global step: 181)
1499244620.401107: Worker 1: training step 154 done (global step: 182)
1499244620.408135: Worker 1: training step 155 done (global step: 183)
1499244620.414139: Worker 1: training step 156 done (global step: 184)
1499244620.421155: Worker 1: training step 157 done (global step: 185)
1499244620.428521: Worker 1: training step 158 done (global step: 186)
1499244620.435047: Worker 1: training step 159 done (global step: 187)
1499244620.440922: Worker 1: training step 160 done (global step: 188)
1499244620.447270: Worker 1: training step 161 done (global step: 189)
1499244620.455251: Worker 1: training step 162 done (global step: 190)
1499244620.461808: Worker 1: training step 163 done (global step: 191)
1499244620.468083: Worker 1: training step 164 done (global step: 192)
1499244620.474486: Worker 1: training step 165 done (global step: 193)
1499244620.480539: Worker 1: training step 166 done (global step: 194)
1499244620.487408: Worker 1: training step 167 done (global step: 195)
1499244620.494343: Worker 1: training step 168 done (global step: 196)
1499244620.501135: Worker 1: training step 169 done (global step: 197)
1499244620.507775: Worker 1: training step 170 done (global step: 198)
1499244620.514207: Worker 1: training step 171 done (global step: 199)
1499244620.523199: Worker 1: training step 172 done (global step: 200)
1499244620.536559: Worker 1: training step 173 done (global step: 201)
1499244620.547726: Worker 1: training step 174 done (global step: 202)
1499244620.558769: Worker 1: training step 175 done (global step: 203)
1499244620.569711: Worker 1: training step 176 done (global step: 204)
1499244620.577234: Worker 1: training step 177 done (global step: 205)
1499244620.584832: Worker 1: training step 178 done (global step: 206)
1499244620.591525: Worker 1: training step 179 done (global step: 207)
1499244620.598227: Worker 1: training step 180 done (global step: 208)
1499244620.605783: Worker 1: training step 181 done (global step: 209)
1499244620.612432: Worker 1: training step 182 done (global step: 210)
1499244620.620422: Worker 1: training step 183 done (global step: 211)
1499244620.626637: Worker 1: training step 184 done (global step: 212)
1499244620.633614: Worker 1: training step 185 done (global step: 213)
1499244620.640521: Worker 1: training step 186 done (global step: 214)
1499244620.647855: Worker 1: training step 187 done (global step: 215)
1499244620.655411: Worker 1: training step 188 done (global step: 216)
1499244620.662060: Worker 1: training step 189 done (global step: 217)
1499244620.669761: Worker 1: training step 190 done (global step: 218)
1499244620.676002: Worker 1: training step 191 done (global step: 219)
1499244620.683066: Worker 1: training step 192 done (global step: 220)
1499244620.690222: Worker 1: training step 193 done (global step: 221)
1499244620.697618: Worker 1: training step 194 done (global step: 222)
1499244620.706016: Worker 1: training step 195 done (global step: 223)
1499244620.714675: Worker 1: training step 196 done (global step: 224)
1499244620.724710: Worker 1: training step 197 done (global step: 225)
1499244620.738544: Worker 1: training step 198 done (global step: 226)
1499244620.745831: Worker 1: training step 199 done (global step: 227)
1499244620.753965: Worker 1: training step 200 done (global step: 228)
1499244620.763496: Worker 1: training step 201 done (global step: 229)
1499244620.770427: Worker 1: training step 202 done (global step: 230)
1499244620.778933: Worker 1: training step 203 done (global step: 231)
1499244620.786998: Worker 1: training step 204 done (global step: 232)
1499244620.812447: Worker 1: training step 205 done (global step: 233)
1499244620.821470: Worker 1: training step 206 done (global step: 234)
1499244620.830665: Worker 1: training step 207 done (global step: 235)
1499244620.838009: Worker 1: training step 208 done (global step: 236)
1499244620.845126: Worker 1: training step 209 done (global step: 237)
1499244620.852662: Worker 1: training step 210 done (global step: 238)
1499244620.862485: Worker 1: training step 211 done (global step: 239)
1499244620.869159: Worker 1: training step 212 done (global step: 240)
1499244620.878907: Worker 1: training step 213 done (global step: 241)
1499244620.888790: Worker 1: training step 214 done (global step: 242)
1499244620.899124: Worker 1: training step 215 done (global step: 243)
1499244620.907655: Worker 1: training step 216 done (global step: 244)
1499244620.914877: Worker 1: training step 217 done (global step: 245)
1499244620.922999: Worker 1: training step 218 done (global step: 246)
1499244620.934629: Worker 1: training step 219 done (global step: 247)
1499244620.946104: Worker 1: training step 220 done (global step: 248)
1499244620.955067: Worker 1: training step 221 done (global step: 249)
1499244620.965626: Worker 1: training step 222 done (global step: 250)
1499244620.975111: Worker 1: training step 223 done (global step: 251)
1499244620.989415: Worker 1: training step 224 done (global step: 252)
1499244620.999431: Worker 1: training step 225 done (global step: 253)
1499244621.006978: Worker 1: training step 226 done (global step: 254)
1499244621.016871: Worker 1: training step 227 done (global step: 255)
1499244621.027193: Worker 1: training step 228 done (global step: 256)
1499244621.039087: Worker 1: training step 229 done (global step: 257)
1499244621.051813: Worker 1: training step 230 done (global step: 258)
1499244621.063278: Worker 1: training step 231 done (global step: 259)
1499244621.072356: Worker 1: training step 232 done (global step: 260)
1499244621.086254: Worker 1: training step 233 done (global step: 261)
1499244621.094547: Worker 1: training step 234 done (global step: 262)
1499244621.107978: Worker 1: training step 235 done (global step: 263)
1499244621.126359: Worker 1: training step 236 done (global step: 264)
1499244621.140443: Worker 1: training step 237 done (global step: 265)
1499244621.150484: Worker 1: training step 238 done (global step: 266)
1499244621.159714: Worker 1: training step 239 done (global step: 267)
1499244621.171295: Worker 1: training step 240 done (global step: 268)
1499244621.178560: Worker 1: training step 241 done (global step: 269)
1499244621.190796: Worker 1: training step 242 done (global step: 270)
1499244621.197584: Worker 1: training step 243 done (global step: 271)
1499244621.204387: Worker 1: training step 244 done (global step: 272)
1499244621.211250: Worker 1: training step 245 done (global step: 273)
1499244621.217747: Worker 1: training step 246 done (global step: 274)
1499244621.224680: Worker 1: training step 247 done (global step: 275)
1499244621.231235: Worker 1: training step 248 done (global step: 276)
1499244621.240288: Worker 1: training step 249 done (global step: 277)
1499244621.249524: Worker 1: training step 250 done (global step: 278)
1499244621.257389: Worker 1: training step 251 done (global step: 279)
1499244621.264841: Worker 1: training step 252 done (global step: 280)
1499244621.271690: Worker 1: training step 253 done (global step: 281)
1499244621.278672: Worker 1: training step 254 done (global step: 282)
1499244621.285152: Worker 1: training step 255 done (global step: 283)
1499244621.293256: Worker 1: training step 256 done (global step: 284)
1499244621.301238: Worker 1: training step 257 done (global step: 285)
1499244621.309592: Worker 1: training step 258 done (global step: 286)
1499244621.315790: Worker 1: training step 259 done (global step: 287)
1499244621.323370: Worker 1: training step 260 done (global step: 288)
1499244621.330120: Worker 1: training step 261 done (global step: 289)
1499244621.337221: Worker 1: training step 262 done (global step: 290)
1499244621.343917: Worker 1: training step 263 done (global step: 291)
1499244621.351384: Worker 1: training step 264 done (global step: 292)
1499244621.357609: Worker 1: training step 265 done (global step: 293)
1499244621.364124: Worker 1: training step 266 done (global step: 294)
1499244621.371499: Worker 1: training step 267 done (global step: 295)
1499244621.378762: Worker 1: training step 268 done (global step: 296)
1499244621.386211: Worker 1: training step 269 done (global step: 297)
1499244621.393266: Worker 1: training step 270 done (global step: 298)
1499244621.400311: Worker 1: training step 271 done (global step: 299)
1499244621.407084: Worker 1: training step 272 done (global step: 300)
1499244621.413270: Worker 1: training step 273 done (global step: 301)
1499244621.419724: Worker 1: training step 274 done (global step: 302)
1499244621.426167: Worker 1: training step 275 done (global step: 303)
1499244621.444134: Worker 1: training step 276 done (global step: 304)
1499244621.481682: Worker 1: training step 277 done (global step: 305)
1499244621.493366: Worker 1: training step 278 done (global step: 306)
1499244621.510295: Worker 1: training step 279 done (global step: 307)
1499244621.536595: Worker 1: training step 280 done (global step: 308)
1499244621.545336: Worker 1: training step 281 done (global step: 309)
1499244621.557587: Worker 1: training step 282 done (global step: 310)
1499244621.569419: Worker 1: training step 283 done (global step: 311)
1499244621.578435: Worker 1: training step 284 done (global step: 312)
1499244621.587483: Worker 1: training step 285 done (global step: 313)
1499244621.594279: Worker 1: training step 286 done (global step: 314)
1499244621.608065: Worker 1: training step 287 done (global step: 315)
1499244621.615613: Worker 1: training step 288 done (global step: 316)
1499244621.623647: Worker 1: training step 289 done (global step: 317)
1499244621.631262: Worker 1: training step 290 done (global step: 318)
1499244621.639593: Worker 1: training step 291 done (global step: 319)
1499244621.652433: Worker 1: training step 292 done (global step: 320)
1499244621.660230: Worker 1: training step 293 done (global step: 321)
1499244621.668686: Worker 1: training step 294 done (global step: 322)
1499244621.676137: Worker 1: training step 295 done (global step: 323)
1499244621.683950: Worker 1: training step 296 done (global step: 324)
1499244621.692112: Worker 1: training step 297 done (global step: 325)
1499244621.703683: Worker 1: training step 298 done (global step: 326)
1499244621.712117: Worker 1: training step 299 done (global step: 327)
1499244621.720160: Worker 1: training step 300 done (global step: 328)
1499244621.731920: Worker 1: training step 301 done (global step: 329)
1499244621.740528: Worker 1: training step 302 done (global step: 330)
1499244621.747616: Worker 1: training step 303 done (global step: 331)
1499244621.755610: Worker 1: training step 304 done (global step: 332)
1499244621.767252: Worker 1: training step 305 done (global step: 333)
1499244621.775121: Worker 1: training step 306 done (global step: 334)
1499244621.781996: Worker 1: training step 307 done (global step: 335)
1499244621.792271: Worker 1: training step 308 done (global step: 336)
1499244621.801141: Worker 1: training step 309 done (global step: 337)
1499244621.809557: Worker 1: training step 310 done (global step: 338)
1499244621.816361: Worker 1: training step 311 done (global step: 339)
1499244621.823915: Worker 1: training step 312 done (global step: 340)
1499244621.833535: Worker 1: training step 313 done (global step: 341)
1499244621.843277: Worker 1: training step 314 done (global step: 342)
1499244621.865826: Worker 1: training step 315 done (global step: 343)
1499244621.888031: Worker 1: training step 316 done (global step: 345)
1499244621.899975: Worker 1: training step 317 done (global step: 346)
1499244621.920650: Worker 1: training step 318 done (global step: 348)
1499244621.937248: Worker 1: training step 319 done (global step: 351)
1499244621.946150: Worker 1: training step 320 done (global step: 353)
1499244621.955572: Worker 1: training step 321 done (global step: 355)
1499244621.964858: Worker 1: training step 322 done (global step: 357)
1499244621.975808: Worker 1: training step 323 done (global step: 359)
1499244621.985958: Worker 1: training step 324 done (global step: 361)
1499244621.995525: Worker 1: training step 325 done (global step: 363)
1499244622.005570: Worker 1: training step 326 done (global step: 365)
1499244622.015676: Worker 1: training step 327 done (global step: 367)
1499244622.025170: Worker 1: training step 328 done (global step: 369)
1499244622.034282: Worker 1: training step 329 done (global step: 371)
1499244622.043486: Worker 1: training step 330 done (global step: 373)
1499244622.053398: Worker 1: training step 331 done (global step: 375)
1499244622.067247: Worker 1: training step 332 done (global step: 377)
1499244622.085106: Worker 1: training step 333 done (global step: 380)
1499244622.113506: Worker 1: training step 334 done (global step: 382)
1499244622.137001: Worker 1: training step 335 done (global step: 384)
1499244622.154424: Worker 1: training step 336 done (global step: 386)
1499244622.166174: Worker 1: training step 337 done (global step: 388)
1499244622.177188: Worker 1: training step 338 done (global step: 390)
1499244622.186936: Worker 1: training step 339 done (global step: 392)
1499244622.195546: Worker 1: training step 340 done (global step: 394)
1499244622.205094: Worker 1: training step 341 done (global step: 396)
1499244622.214131: Worker 1: training step 342 done (global step: 398)
1499244622.223748: Worker 1: training step 343 done (global step: 400)
1499244622.232614: Worker 1: training step 344 done (global step: 402)
1499244622.242936: Worker 1: training step 345 done (global step: 404)
1499244622.252095: Worker 1: training step 346 done (global step: 406)
1499244622.261170: Worker 1: training step 347 done (global step: 408)
1499244622.271711: Worker 1: training step 348 done (global step: 410)
1499244622.280151: Worker 1: training step 349 done (global step: 412)
1499244622.289463: Worker 1: training step 350 done (global step: 414)
1499244622.298160: Worker 1: training step 351 done (global step: 416)
1499244622.307820: Worker 1: training step 352 done (global step: 418)
1499244622.316368: Worker 1: training step 353 done (global step: 420)
1499244622.326009: Worker 1: training step 354 done (global step: 422)
1499244622.334532: Worker 1: training step 355 done (global step: 424)
1499244622.348455: Worker 1: training step 356 done (global step: 426)
1499244622.358743: Worker 1: training step 357 done (global step: 429)
1499244622.368081: Worker 1: training step 358 done (global step: 431)
1499244622.379300: Worker 1: training step 359 done (global step: 433)
1499244622.388603: Worker 1: training step 360 done (global step: 435)
1499244622.397960: Worker 1: training step 361 done (global step: 437)
1499244622.407762: Worker 1: training step 362 done (global step: 439)
1499244622.416965: Worker 1: training step 363 done (global step: 441)
1499244622.426769: Worker 1: training step 364 done (global step: 443)
1499244622.435093: Worker 1: training step 365 done (global step: 445)
1499244622.447265: Worker 1: training step 366 done (global step: 447)
1499244622.456356: Worker 1: training step 367 done (global step: 449)
1499244622.469521: Worker 1: training step 368 done (global step: 452)
1499244622.491048: Worker 1: training step 369 done (global step: 454)
1499244622.504797: Worker 1: training step 370 done (global step: 457)
1499244622.524210: Worker 1: training step 371 done (global step: 459)
1499244622.544369: Worker 1: training step 372 done (global step: 461)
1499244622.568552: Worker 1: training step 373 done (global step: 464)
1499244622.592998: Worker 1: training step 374 done (global step: 467)
1499244622.608041: Worker 1: training step 375 done (global step: 469)
1499244622.617959: Worker 1: training step 376 done (global step: 471)
1499244622.640575: Worker 1: training step 377 done (global step: 473)
1499244622.651286: Worker 1: training step 378 done (global step: 476)
1499244622.664480: Worker 1: training step 379 done (global step: 478)
1499244622.675949: Worker 1: training step 380 done (global step: 480)
1499244622.687553: Worker 1: training step 381 done (global step: 482)
1499244622.697165: Worker 1: training step 382 done (global step: 484)
1499244622.714485: Worker 1: training step 383 done (global step: 486)
1499244622.729562: Worker 1: training step 384 done (global step: 488)
1499244622.745609: Worker 1: training step 385 done (global step: 490)
1499244622.768168: Worker 1: training step 386 done (global step: 492)
1499244622.793764: Worker 1: training step 387 done (global step: 495)
1499244622.805578: Worker 1: training step 388 done (global step: 497)
1499244622.816553: Worker 1: training step 389 done (global step: 499)
1499244622.829381: Worker 1: training step 390 done (global step: 502)
1499244622.839808: Worker 1: training step 391 done (global step: 504)
1499244622.848855: Worker 1: training step 392 done (global step: 506)
1499244622.858497: Worker 1: training step 393 done (global step: 508)
1499244622.867027: Worker 1: training step 394 done (global step: 510)
1499244622.876931: Worker 1: training step 395 done (global step: 512)
1499244622.885351: Worker 1: training step 396 done (global step: 514)
1499244622.895256: Worker 1: training step 397 done (global step: 516)
1499244622.904517: Worker 1: training step 398 done (global step: 518)
1499244622.913510: Worker 1: training step 399 done (global step: 520)
1499244622.923123: Worker 1: training step 400 done (global step: 522)
1499244622.932218: Worker 1: training step 401 done (global step: 524)
1499244622.941775: Worker 1: training step 402 done (global step: 526)
1499244622.950533: Worker 1: training step 403 done (global step: 528)
1499244622.959804: Worker 1: training step 404 done (global step: 530)
1499244622.968780: Worker 1: training step 405 done (global step: 532)
1499244622.977970: Worker 1: training step 406 done (global step: 534)
1499244622.988561: Worker 1: training step 407 done (global step: 536)
1499244622.997635: Worker 1: training step 408 done (global step: 538)
1499244623.009877: Worker 1: training step 409 done (global step: 540)
1499244623.020470: Worker 1: training step 410 done (global step: 543)
1499244623.029294: Worker 1: training step 411 done (global step: 545)
1499244623.038067: Worker 1: training step 412 done (global step: 547)
1499244623.046627: Worker 1: training step 413 done (global step: 549)
1499244623.055682: Worker 1: training step 414 done (global step: 551)
1499244623.064444: Worker 1: training step 415 done (global step: 553)
1499244623.073664: Worker 1: training step 416 done (global step: 555)
1499244623.082042: Worker 1: training step 417 done (global step: 557)
1499244623.092172: Worker 1: training step 418 done (global step: 559)
1499244623.100281: Worker 1: training step 419 done (global step: 561)
1499244623.110578: Worker 1: training step 420 done (global step: 563)
1499244623.118688: Worker 1: training step 421 done (global step: 565)
1499244623.128315: Worker 1: training step 422 done (global step: 567)
1499244623.137499: Worker 1: training step 423 done (global step: 569)
1499244623.146057: Worker 1: training step 424 done (global step: 571)
1499244623.155640: Worker 1: training step 425 done (global step: 573)
1499244623.164079: Worker 1: training step 426 done (global step: 575)
1499244623.172976: Worker 1: training step 427 done (global step: 577)
1499244623.181087: Worker 1: training step 428 done (global step: 579)
1499244623.191237: Worker 1: training step 429 done (global step: 581)
1499244623.200205: Worker 1: training step 430 done (global step: 583)
1499244623.209228: Worker 1: training step 431 done (global step: 585)
1499244623.217504: Worker 1: training step 432 done (global step: 587)
1499244623.229880: Worker 1: training step 433 done (global step: 589)
1499244623.240437: Worker 1: training step 434 done (global step: 592)
1499244623.249164: Worker 1: training step 435 done (global step: 594)
1499244623.258294: Worker 1: training step 436 done (global step: 596)
1499244623.266777: Worker 1: training step 437 done (global step: 598)
1499244623.276517: Worker 1: training step 438 done (global step: 599)
1499244623.289312: Worker 1: training step 439 done (global step: 601)
1499244623.298449: Worker 1: training step 440 done (global step: 603)
1499244623.308233: Worker 1: training step 441 done (global step: 605)
1499244623.316768: Worker 1: training step 442 done (global step: 607)
1499244623.325871: Worker 1: training step 443 done (global step: 609)
1499244623.334219: Worker 1: training step 444 done (global step: 611)
1499244623.343558: Worker 1: training step 445 done (global step: 613)
1499244623.351838: Worker 1: training step 446 done (global step: 615)
1499244623.363409: Worker 1: training step 447 done (global step: 617)
1499244623.372096: Worker 1: training step 448 done (global step: 619)
1499244623.382190: Worker 1: training step 449 done (global step: 621)
1499244623.391388: Worker 1: training step 450 done (global step: 624)
1499244623.399698: Worker 1: training step 451 done (global step: 626)
1499244623.409499: Worker 1: training step 452 done (global step: 628)
1499244623.424046: Worker 1: training step 453 done (global step: 630)
1499244623.435593: Worker 1: training step 454 done (global step: 632)
1499244623.445879: Worker 1: training step 455 done (global step: 634)
1499244623.455203: Worker 1: training step 456 done (global step: 636)
1499244623.463407: Worker 1: training step 457 done (global step: 638)
1499244623.470804: Worker 1: training step 458 done (global step: 640)
1499244623.480293: Worker 1: training step 459 done (global step: 642)
1499244623.493081: Worker 1: training step 460 done (global step: 645)
1499244623.505827: Worker 1: training step 461 done (global step: 647)
1499244623.520082: Worker 1: training step 462 done (global step: 650)
1499244623.533657: Worker 1: training step 463 done (global step: 652)
1499244623.546095: Worker 1: training step 464 done (global step: 654)
1499244623.556311: Worker 1: training step 465 done (global step: 657)
1499244623.565009: Worker 1: training step 466 done (global step: 659)
1499244623.574119: Worker 1: training step 467 done (global step: 661)
1499244623.582144: Worker 1: training step 468 done (global step: 663)
1499244623.590901: Worker 1: training step 469 done (global step: 665)
1499244623.599006: Worker 1: training step 470 done (global step: 667)
1499244623.608584: Worker 1: training step 471 done (global step: 669)
1499244623.619320: Worker 1: training step 472 done (global step: 671)
1499244623.629644: Worker 1: training step 473 done (global step: 674)
1499244623.638194: Worker 1: training step 474 done (global step: 676)
1499244623.646658: Worker 1: training step 475 done (global step: 678)
1499244623.655088: Worker 1: training step 476 done (global step: 680)
1499244623.664552: Worker 1: training step 477 done (global step: 682)
1499244623.673383: Worker 1: training step 478 done (global step: 684)
1499244623.681979: Worker 1: training step 479 done (global step: 686)
1499244623.691528: Worker 1: training step 480 done (global step: 688)
1499244623.699682: Worker 1: training step 481 done (global step: 690)
1499244623.709262: Worker 1: training step 482 done (global step: 692)
1499244623.717864: Worker 1: training step 483 done (global step: 694)
1499244623.727248: Worker 1: training step 484 done (global step: 696)
1499244623.735451: Worker 1: training step 485 done (global step: 698)
1499244623.745097: Worker 1: training step 486 done (global step: 700)
1499244623.759041: Worker 1: training step 487 done (global step: 702)
1499244623.767480: Worker 1: training step 488 done (global step: 705)
1499244623.776877: Worker 1: training step 489 done (global step: 707)
1499244623.789440: Worker 1: training step 490 done (global step: 709)
1499244623.798966: Worker 1: training step 491 done (global step: 711)
1499244623.810819: Worker 1: training step 492 done (global step: 714)
1499244623.819739: Worker 1: training step 493 done (global step: 716)
1499244623.832871: Worker 1: training step 494 done (global step: 718)
1499244623.844168: Worker 1: training step 495 done (global step: 721)
1499244623.853478: Worker 1: training step 496 done (global step: 723)
1499244623.863582: Worker 1: training step 497 done (global step: 725)
1499244623.873080: Worker 1: training step 498 done (global step: 727)
1499244623.881472: Worker 1: training step 499 done (global step: 729)
1499244623.891348: Worker 1: training step 500 done (global step: 731)
1499244623.900422: Worker 1: training step 501 done (global step: 733)
1499244623.910166: Worker 1: training step 502 done (global step: 735)
1499244623.918338: Worker 1: training step 503 done (global step: 737)
1499244623.927443: Worker 1: training step 504 done (global step: 739)
1499244623.936365: Worker 1: training step 505 done (global step: 741)
1499244623.945580: Worker 1: training step 506 done (global step: 743)
1499244623.955200: Worker 1: training step 507 done (global step: 745)
1499244623.963645: Worker 1: training step 508 done (global step: 747)
1499244623.973446: Worker 1: training step 509 done (global step: 749)
1499244623.981937: Worker 1: training step 510 done (global step: 751)
1499244623.991959: Worker 1: training step 511 done (global step: 753)
1499244624.000357: Worker 1: training step 512 done (global step: 755)
1499244624.010173: Worker 1: training step 513 done (global step: 757)
1499244624.018590: Worker 1: training step 514 done (global step: 759)
1499244624.027779: Worker 1: training step 515 done (global step: 761)
1499244624.035884: Worker 1: training step 516 done (global step: 763)
1499244624.045257: Worker 1: training step 517 done (global step: 765)
1499244624.053358: Worker 1: training step 518 done (global step: 767)
1499244624.062782: Worker 1: training step 519 done (global step: 769)
1499244624.071858: Worker 1: training step 520 done (global step: 771)
1499244624.080044: Worker 1: training step 521 done (global step: 773)
1499244624.089845: Worker 1: training step 522 done (global step: 775)
1499244624.097768: Worker 1: training step 523 done (global step: 777)
1499244624.107235: Worker 1: training step 524 done (global step: 779)
1499244624.118813: Worker 1: training step 525 done (global step: 781)
1499244624.131548: Worker 1: training step 526 done (global step: 783)
1499244624.140596: Worker 1: training step 527 done (global step: 785)
1499244624.150214: Worker 1: training step 528 done (global step: 787)
1499244624.158398: Worker 1: training step 529 done (global step: 789)
1499244624.166917: Worker 1: training step 530 done (global step: 791)
1499244624.177112: Worker 1: training step 531 done (global step: 793)
1499244624.186833: Worker 1: training step 532 done (global step: 795)
1499244624.198530: Worker 1: training step 533 done (global step: 797)
1499244624.209000: Worker 1: training step 534 done (global step: 800)
1499244624.217223: Worker 1: training step 535 done (global step: 802)
1499244624.226792: Worker 1: training step 536 done (global step: 804)
1499244624.234822: Worker 1: training step 537 done (global step: 806)
1499244624.244119: Worker 1: training step 538 done (global step: 808)
1499244624.251879: Worker 1: training step 539 done (global step: 810)
1499244624.261303: Worker 1: training step 540 done (global step: 811)
1499244624.269770: Worker 1: training step 541 done (global step: 813)
1499244624.281136: Worker 1: training step 542 done (global step: 815)
1499244624.291645: Worker 1: training step 543 done (global step: 818)
1499244624.299959: Worker 1: training step 544 done (global step: 820)
1499244624.309603: Worker 1: training step 545 done (global step: 822)
1499244624.318067: Worker 1: training step 546 done (global step: 824)
1499244624.327476: Worker 1: training step 547 done (global step: 826)
1499244624.335831: Worker 1: training step 548 done (global step: 828)
1499244624.344843: Worker 1: training step 549 done (global step: 830)
1499244624.352979: Worker 1: training step 550 done (global step: 832)
1499244624.646239: Worker 1: training step 551 done (global step: 873)
1499244624.655820: Worker 1: training step 552 done (global step: 875)
1499244624.664459: Worker 1: training step 553 done (global step: 877)
1499244624.674706: Worker 1: training step 554 done (global step: 879)
1499244624.683685: Worker 1: training step 555 done (global step: 881)
1499244624.693466: Worker 1: training step 556 done (global step: 883)
1499244624.702215: Worker 1: training step 557 done (global step: 885)
1499244624.714011: Worker 1: training step 558 done (global step: 887)
1499244624.724356: Worker 1: training step 559 done (global step: 889)
1499244624.733135: Worker 1: training step 560 done (global step: 891)
1499244624.743118: Worker 1: training step 561 done (global step: 893)
1499244624.751654: Worker 1: training step 562 done (global step: 895)
1499244624.761329: Worker 1: training step 563 done (global step: 897)
1499244624.770036: Worker 1: training step 564 done (global step: 899)
1499244624.779102: Worker 1: training step 565 done (global step: 901)
1499244624.787057: Worker 1: training step 566 done (global step: 903)
1499244624.795737: Worker 1: training step 567 done (global step: 905)
1499244624.804164: Worker 1: training step 568 done (global step: 907)
1499244624.813622: Worker 1: training step 569 done (global step: 909)
1499244624.823151: Worker 1: training step 570 done (global step: 911)
1499244624.834093: Worker 1: training step 571 done (global step: 913)
1499244624.843091: Worker 1: training step 572 done (global step: 915)
1499244624.855285: Worker 1: training step 573 done (global step: 917)
1499244624.865437: Worker 1: training step 574 done (global step: 919)
1499244624.876937: Worker 1: training step 575 done (global step: 921)
1499244624.889911: Worker 1: training step 576 done (global step: 923)
1499244624.901560: Worker 1: training step 577 done (global step: 925)
1499244624.914352: Worker 1: training step 578 done (global step: 927)
1499244624.931471: Worker 1: training step 579 done (global step: 929)
1499244624.941432: Worker 1: training step 580 done (global step: 931)
1499244624.951944: Worker 1: training step 581 done (global step: 933)
1499244624.963083: Worker 1: training step 582 done (global step: 935)
1499244624.973026: Worker 1: training step 583 done (global step: 937)
1499244624.981717: Worker 1: training step 584 done (global step: 939)
1499244624.991323: Worker 1: training step 585 done (global step: 941)
1499244624.999579: Worker 1: training step 586 done (global step: 943)
1499244625.009243: Worker 1: training step 587 done (global step: 945)
1499244625.020171: Worker 1: training step 588 done (global step: 947)
1499244625.036266: Worker 1: training step 589 done (global step: 950)
1499244625.048855: Worker 1: training step 590 done (global step: 952)
1499244625.061378: Worker 1: training step 591 done (global step: 954)
1499244625.073762: Worker 1: training step 592 done (global step: 956)
1499244625.083817: Worker 1: training step 593 done (global step: 958)
1499244625.095180: Worker 1: training step 594 done (global step: 960)
1499244625.171308: Worker 1: training step 595 done (global step: 962)
1499244625.193623: Worker 1: training step 596 done (global step: 964)
1499244625.226458: Worker 1: training step 597 done (global step: 966)
1499244625.257043: Worker 1: training step 598 done (global step: 969)
1499244625.278412: Worker 1: training step 599 done (global step: 971)
1499244625.294440: Worker 1: training step 600 done (global step: 973)
1499244625.310043: Worker 1: training step 601 done (global step: 975)
1499244625.328924: Worker 1: training step 602 done (global step: 978)
1499244625.352520: Worker 1: training step 603 done (global step: 980)
1499244625.378411: Worker 1: training step 604 done (global step: 982)
1499244625.398154: Worker 1: training step 605 done (global step: 984)
1499244625.414893: Worker 1: training step 606 done (global step: 986)
1499244625.435522: Worker 1: training step 607 done (global step: 989)
1499244625.460399: Worker 1: training step 608 done (global step: 990)
1499244625.473577: Worker 1: training step 609 done (global step: 991)
1499244625.485677: Worker 1: training step 610 done (global step: 994)
1499244625.495846: Worker 1: training step 611 done (global step: 996)
1499244625.507774: Worker 1: training step 612 done (global step: 998)
1499244625.517451: Worker 1: training step 613 done (global step: 1000)
1499244625.529776: Worker 1: training step 614 done (global step: 1002)
1499244625.549042: Worker 1: training step 615 done (global step: 1004)
1499244625.562438: Worker 1: training step 616 done (global step: 1006)
1499244625.578522: Worker 1: training step 617 done (global step: 1009)
1499244625.599413: Worker 1: training step 618 done (global step: 1011)
1499244625.613452: Worker 1: training step 619 done (global step: 1013)
1499244625.624719: Worker 1: training step 620 done (global step: 1015)
1499244625.635426: Worker 1: training step 621 done (global step: 1017)
1499244625.644317: Worker 1: training step 622 done (global step: 1019)
1499244625.653514: Worker 1: training step 623 done (global step: 1021)
1499244625.665023: Worker 1: training step 624 done (global step: 1023)
1499244625.676856: Worker 1: training step 625 done (global step: 1025)
1499244625.688791: Worker 1: training step 626 done (global step: 1027)
1499244625.699493: Worker 1: training step 627 done (global step: 1029)
1499244625.710529: Worker 1: training step 628 done (global step: 1031)
1499244625.721680: Worker 1: training step 629 done (global step: 1033)
1499244625.731559: Worker 1: training step 630 done (global step: 1035)
1499244625.741492: Worker 1: training step 631 done (global step: 1037)
1499244625.752624: Worker 1: training step 632 done (global step: 1039)
1499244625.762669: Worker 1: training step 633 done (global step: 1041)
1499244625.773286: Worker 1: training step 634 done (global step: 1043)
1499244625.785475: Worker 1: training step 635 done (global step: 1045)
1499244625.803855: Worker 1: training step 636 done (global step: 1047)
1499244625.816107: Worker 1: training step 637 done (global step: 1049)
1499244625.828217: Worker 1: training step 638 done (global step: 1051)
1499244625.849782: Worker 1: training step 639 done (global step: 1053)
1499244625.863748: Worker 1: training step 640 done (global step: 1055)
1499244625.875321: Worker 1: training step 641 done (global step: 1057)
1499244625.882060: Worker 1: training step 642 done (global step: 1059)
1499244625.890201: Worker 1: training step 643 done (global step: 1061)
1499244625.899297: Worker 1: training step 644 done (global step: 1063)
1499244625.908897: Worker 1: training step 645 done (global step: 1065)
1499244625.917730: Worker 1: training step 646 done (global step: 1067)
1499244625.927353: Worker 1: training step 647 done (global step: 1069)
1499244625.937179: Worker 1: training step 648 done (global step: 1071)
1499244625.946918: Worker 1: training step 649 done (global step: 1073)
1499244625.957208: Worker 1: training step 650 done (global step: 1075)
1499244625.968011: Worker 1: training step 651 done (global step: 1077)
1499244625.981672: Worker 1: training step 652 done (global step: 1079)
1499244625.993473: Worker 1: training step 653 done (global step: 1081)
1499244626.002349: Worker 1: training step 654 done (global step: 1083)
1499244626.012615: Worker 1: training step 655 done (global step: 1085)
1499244626.022568: Worker 1: training step 656 done (global step: 1087)
1499244626.032607: Worker 1: training step 657 done (global step: 1089)
1499244626.042198: Worker 1: training step 658 done (global step: 1091)
1499244626.055840: Worker 1: training step 659 done (global step: 1093)
1499244626.068395: Worker 1: training step 660 done (global step: 1095)
1499244626.080956: Worker 1: training step 661 done (global step: 1097)
1499244626.093975: Worker 1: training step 662 done (global step: 1099)
1499244626.104276: Worker 1: training step 663 done (global step: 1101)
1499244626.115499: Worker 1: training step 664 done (global step: 1103)
1499244626.147546: Worker 1: training step 665 done (global step: 1105)
1499244626.156956: Worker 1: training step 666 done (global step: 1107)
1499244626.171125: Worker 1: training step 667 done (global step: 1109)
1499244626.180226: Worker 1: training step 668 done (global step: 1111)
1499244626.197234: Worker 1: training step 669 done (global step: 1113)
1499244626.213174: Worker 1: training step 670 done (global step: 1115)
1499244626.226421: Worker 1: training step 671 done (global step: 1117)
1499244626.242452: Worker 1: training step 672 done (global step: 1119)
1499244626.256871: Worker 1: training step 673 done (global step: 1121)
1499244626.279078: Worker 1: training step 674 done (global step: 1123)
1499244626.294447: Worker 1: training step 675 done (global step: 1125)
1499244626.309200: Worker 1: training step 676 done (global step: 1127)
1499244626.327324: Worker 1: training step 677 done (global step: 1129)
1499244626.339850: Worker 1: training step 678 done (global step: 1130)
1499244626.350661: Worker 1: training step 679 done (global step: 1132)
1499244626.370394: Worker 1: training step 680 done (global step: 1134)
1499244626.385078: Worker 1: training step 681 done (global step: 1136)
1499244626.397900: Worker 1: training step 682 done (global step: 1138)
1499244626.413746: Worker 1: training step 683 done (global step: 1140)
1499244626.429183: Worker 1: training step 684 done (global step: 1142)
1499244626.443028: Worker 1: training step 685 done (global step: 1144)
1499244626.461501: Worker 1: training step 686 done (global step: 1146)
1499244626.482582: Worker 1: training step 687 done (global step: 1148)
1499244626.498518: Worker 1: training step 688 done (global step: 1150)
1499244626.514955: Worker 1: training step 689 done (global step: 1151)
1499244626.525460: Worker 1: training step 690 done (global step: 1153)
1499244626.537942: Worker 1: training step 691 done (global step: 1156)
1499244626.552906: Worker 1: training step 692 done (global step: 1157)
1499244626.570868: Worker 1: training step 693 done (global step: 1160)
1499244626.585303: Worker 1: training step 694 done (global step: 1162)
1499244626.600473: Worker 1: training step 695 done (global step: 1163)
1499244626.612963: Worker 1: training step 696 done (global step: 1165)
1499244626.624389: Worker 1: training step 697 done (global step: 1167)
1499244626.639359: Worker 1: training step 698 done (global step: 1169)
1499244626.653254: Worker 1: training step 699 done (global step: 1171)
1499244626.668752: Worker 1: training step 700 done (global step: 1172)
1499244626.684741: Worker 1: training step 701 done (global step: 1174)
1499244626.698048: Worker 1: training step 702 done (global step: 1176)
1499244626.714534: Worker 1: training step 703 done (global step: 1178)
1499244626.728170: Worker 1: training step 704 done (global step: 1180)
1499244626.744075: Worker 1: training step 705 done (global step: 1182)
1499244626.763275: Worker 1: training step 706 done (global step: 1184)
1499244626.775128: Worker 1: training step 707 done (global step: 1186)
1499244626.786035: Worker 1: training step 708 done (global step: 1188)
1499244626.797370: Worker 1: training step 709 done (global step: 1190)
1499244626.810963: Worker 1: training step 710 done (global step: 1192)
1499244626.829524: Worker 1: training step 711 done (global step: 1194)
1499244626.840409: Worker 1: training step 712 done (global step: 1196)
1499244626.879462: Worker 1: training step 713 done (global step: 1198)
1499244626.895586: Worker 1: training step 714 done (global step: 1200)
1499244626.908183: Worker 1: training step 715 done (global step: 1202)
1499244626.916342: Worker 1: training step 716 done (global step: 1204)
1499244626.929799: Worker 1: training step 717 done (global step: 1205)
1499244626.938071: Worker 1: training step 718 done (global step: 1207)
1499244626.952404: Worker 1: training step 719 done (global step: 1209)
1499244626.965834: Worker 1: training step 720 done (global step: 1212)
1499244626.976164: Worker 1: training step 721 done (global step: 1214)
1499244626.986175: Worker 1: training step 722 done (global step: 1216)
1499244626.995339: Worker 1: training step 723 done (global step: 1218)
1499244627.006427: Worker 1: training step 724 done (global step: 1219)
1499244627.019813: Worker 1: training step 725 done (global step: 1221)
1499244627.034365: Worker 1: training step 726 done (global step: 1223)
1499244627.047476: Worker 1: training step 727 done (global step: 1225)
1499244627.059674: Worker 1: training step 728 done (global step: 1227)
1499244627.070172: Worker 1: training step 729 done (global step: 1229)
1499244627.082479: Worker 1: training step 730 done (global step: 1231)
1499244627.095804: Worker 1: training step 731 done (global step: 1233)
1499244627.109643: Worker 1: training step 732 done (global step: 1235)
1499244627.119650: Worker 1: training step 733 done (global step: 1237)
1499244627.129774: Worker 1: training step 734 done (global step: 1239)
1499244627.145127: Worker 1: training step 735 done (global step: 1241)
1499244627.157058: Worker 1: training step 736 done (global step: 1243)
1499244627.177840: Worker 1: training step 737 done (global step: 1245)
1499244627.193638: Worker 1: training step 738 done (global step: 1247)
1499244627.212227: Worker 1: training step 739 done (global step: 1249)
1499244627.224918: Worker 1: training step 740 done (global step: 1251)
1499244627.235231: Worker 1: training step 741 done (global step: 1253)
1499244627.245117: Worker 1: training step 742 done (global step: 1255)
1499244627.254889: Worker 1: training step 743 done (global step: 1257)
1499244627.266609: Worker 1: training step 744 done (global step: 1259)
1499244627.282474: Worker 1: training step 745 done (global step: 1261)
1499244627.297105: Worker 1: training step 746 done (global step: 1263)
1499244627.307283: Worker 1: training step 747 done (global step: 1265)
1499244627.318396: Worker 1: training step 748 done (global step: 1267)
1499244627.333912: Worker 1: training step 749 done (global step: 1269)
1499244627.348136: Worker 1: training step 750 done (global step: 1271)
1499244627.358748: Worker 1: training step 751 done (global step: 1273)
1499244627.368331: Worker 1: training step 752 done (global step: 1275)
1499244627.385070: Worker 1: training step 753 done (global step: 1277)
1499244627.397449: Worker 1: training step 754 done (global step: 1279)
1499244627.407846: Worker 1: training step 755 done (global step: 1281)
1499244627.420631: Worker 1: training step 756 done (global step: 1283)
1499244627.433428: Worker 1: training step 757 done (global step: 1285)
1499244627.447864: Worker 1: training step 758 done (global step: 1287)
1499244627.457046: Worker 1: training step 759 done (global step: 1289)
1499244627.466876: Worker 1: training step 760 done (global step: 1291)
1499244627.476582: Worker 1: training step 761 done (global step: 1293)
1499244627.492394: Worker 1: training step 762 done (global step: 1295)
1499244627.513763: Worker 1: training step 763 done (global step: 1297)
1499244627.543167: Worker 1: training step 764 done (global step: 1299)
1499244627.559506: Worker 1: training step 765 done (global step: 1302)
1499244627.570865: Worker 1: training step 766 done (global step: 1304)
1499244627.583062: Worker 1: training step 767 done (global step: 1306)
1499244627.600744: Worker 1: training step 768 done (global step: 1308)
1499244627.614791: Worker 1: training step 769 done (global step: 1310)
1499244627.625922: Worker 1: training step 770 done (global step: 1312)
1499244627.636255: Worker 1: training step 771 done (global step: 1314)
1499244627.650128: Worker 1: training step 772 done (global step: 1316)
1499244627.663790: Worker 1: training step 773 done (global step: 1318)
1499244627.674457: Worker 1: training step 774 done (global step: 1320)
1499244627.684387: Worker 1: training step 775 done (global step: 1322)
1499244627.694838: Worker 1: training step 776 done (global step: 1324)
1499244627.705978: Worker 1: training step 777 done (global step: 1326)
1499244627.718214: Worker 1: training step 778 done (global step: 1328)
1499244627.727533: Worker 1: training step 779 done (global step: 1330)
1499244627.736365: Worker 1: training step 780 done (global step: 1332)
1499244627.746822: Worker 1: training step 781 done (global step: 1334)
1499244627.759841: Worker 1: training step 782 done (global step: 1335)
1499244627.771417: Worker 1: training step 783 done (global step: 1338)
1499244627.780703: Worker 1: training step 784 done (global step: 1340)
1499244627.791021: Worker 1: training step 785 done (global step: 1342)
1499244627.799658: Worker 1: training step 786 done (global step: 1343)
1499244627.812340: Worker 1: training step 787 done (global step: 1345)
1499244627.822122: Worker 1: training step 788 done (global step: 1348)
1499244627.829882: Worker 1: training step 789 done (global step: 1349)
1499244627.840029: Worker 1: training step 790 done (global step: 1351)
1499244627.849916: Worker 1: training step 791 done (global step: 1353)
1499244627.859117: Worker 1: training step 792 done (global step: 1355)
1499244627.870667: Worker 1: training step 793 done (global step: 1357)
1499244627.894313: Worker 1: training step 794 done (global step: 1359)
1499244627.918478: Worker 1: training step 795 done (global step: 1361)
1499244627.943685: Worker 1: training step 796 done (global step: 1363)
1499244627.962954: Worker 1: training step 797 done (global step: 1366)
1499244627.974887: Worker 1: training step 798 done (global step: 1368)
1499244627.984551: Worker 1: training step 799 done (global step: 1370)
1499244627.996529: Worker 1: training step 800 done (global step: 1372)
1499244628.009729: Worker 1: training step 801 done (global step: 1374)
1499244628.022517: Worker 1: training step 802 done (global step: 1376)
1499244628.030869: Worker 1: training step 803 done (global step: 1378)
1499244628.038123: Worker 1: training step 804 done (global step: 1379)
1499244628.046422: Worker 1: training step 805 done (global step: 1380)
1499244628.058699: Worker 1: training step 806 done (global step: 1381)
1499244628.068719: Worker 1: training step 807 done (global step: 1382)
1499244628.079453: Worker 1: training step 808 done (global step: 1383)
1499244628.092092: Worker 1: training step 809 done (global step: 1384)
1499244628.102179: Worker 1: training step 810 done (global step: 1385)
1499244628.114820: Worker 1: training step 811 done (global step: 1386)
1499244628.127400: Worker 1: training step 812 done (global step: 1387)
1499244628.137626: Worker 1: training step 813 done (global step: 1388)
1499244628.148057: Worker 1: training step 814 done (global step: 1389)
1499244628.158735: Worker 1: training step 815 done (global step: 1390)
1499244628.170413: Worker 1: training step 816 done (global step: 1391)
1499244628.186243: Worker 1: training step 817 done (global step: 1392)
1499244628.197362: Worker 1: training step 818 done (global step: 1393)
1499244628.209476: Worker 1: training step 819 done (global step: 1394)
1499244628.220332: Worker 1: training step 820 done (global step: 1395)
1499244628.230981: Worker 1: training step 821 done (global step: 1396)
1499244628.238451: Worker 1: training step 822 done (global step: 1397)
1499244628.246672: Worker 1: training step 823 done (global step: 1398)
1499244628.253390: Worker 1: training step 824 done (global step: 1399)
1499244628.261257: Worker 1: training step 825 done (global step: 1400)
1499244628.268653: Worker 1: training step 826 done (global step: 1401)
1499244628.280617: Worker 1: training step 827 done (global step: 1402)
1499244628.287167: Worker 1: training step 828 done (global step: 1403)
1499244628.294832: Worker 1: training step 829 done (global step: 1404)
1499244628.301992: Worker 1: training step 830 done (global step: 1405)
1499244628.310923: Worker 1: training step 831 done (global step: 1406)
1499244628.317951: Worker 1: training step 832 done (global step: 1407)
1499244628.330733: Worker 1: training step 833 done (global step: 1408)
1499244628.339597: Worker 1: training step 834 done (global step: 1409)
1499244628.348929: Worker 1: training step 835 done (global step: 1410)
1499244628.359148: Worker 1: training step 836 done (global step: 1411)
1499244628.369248: Worker 1: training step 837 done (global step: 1412)
1499244628.380990: Worker 1: training step 838 done (global step: 1413)
1499244628.387114: Worker 1: training step 839 done (global step: 1414)
1499244628.393061: Worker 1: training step 840 done (global step: 1415)
1499244628.398573: Worker 1: training step 841 done (global step: 1416)
1499244628.406238: Worker 1: training step 842 done (global step: 1417)
1499244628.412523: Worker 1: training step 843 done (global step: 1418)
1499244628.418067: Worker 1: training step 844 done (global step: 1419)
1499244628.427873: Worker 1: training step 845 done (global step: 1420)
1499244628.434946: Worker 1: training step 846 done (global step: 1421)
1499244628.443239: Worker 1: training step 847 done (global step: 1422)
1499244628.451030: Worker 1: training step 848 done (global step: 1423)
1499244628.457982: Worker 1: training step 849 done (global step: 1424)
1499244628.464155: Worker 1: training step 850 done (global step: 1425)
1499244628.470114: Worker 1: training step 851 done (global step: 1426)
1499244628.480415: Worker 1: training step 852 done (global step: 1427)
1499244628.486779: Worker 1: training step 853 done (global step: 1428)
1499244628.497738: Worker 1: training step 854 done (global step: 1429)
1499244628.507326: Worker 1: training step 855 done (global step: 1431)
1499244628.516612: Worker 1: training step 856 done (global step: 1433)
1499244628.529310: Worker 1: training step 857 done (global step: 1435)
1499244628.544097: Worker 1: training step 858 done (global step: 1437)
1499244628.553983: Worker 1: training step 859 done (global step: 1439)
1499244628.564761: Worker 1: training step 860 done (global step: 1441)
1499244628.573341: Worker 1: training step 861 done (global step: 1443)
1499244628.587893: Worker 1: training step 862 done (global step: 1445)
1499244628.598092: Worker 1: training step 863 done (global step: 1447)
1499244628.608526: Worker 1: training step 864 done (global step: 1449)
1499244628.617092: Worker 1: training step 865 done (global step: 1451)
1499244628.629665: Worker 1: training step 866 done (global step: 1453)
1499244628.641881: Worker 1: training step 867 done (global step: 1455)
1499244628.652535: Worker 1: training step 868 done (global step: 1457)
1499244628.663398: Worker 1: training step 869 done (global step: 1459)
1499244628.676643: Worker 1: training step 870 done (global step: 1461)
1499244628.693796: Worker 1: training step 871 done (global step: 1463)
1499244628.711838: Worker 1: training step 872 done (global step: 1465)
1499244628.725870: Worker 1: training step 873 done (global step: 1467)
1499244628.742433: Worker 1: training step 874 done (global step: 1469)
1499244628.759263: Worker 1: training step 875 done (global step: 1471)
1499244628.777011: Worker 1: training step 876 done (global step: 1473)
1499244628.789523: Worker 1: training step 877 done (global step: 1475)
1499244628.805441: Worker 1: training step 878 done (global step: 1477)
1499244628.822440: Worker 1: training step 879 done (global step: 1478)
1499244628.836794: Worker 1: training step 880 done (global step: 1480)
1499244628.852388: Worker 1: training step 881 done (global step: 1481)
1499244628.866277: Worker 1: training step 882 done (global step: 1483)
1499244628.876342: Worker 1: training step 883 done (global step: 1485)
1499244628.885847: Worker 1: training step 884 done (global step: 1487)
1499244628.898581: Worker 1: training step 885 done (global step: 1489)
1499244628.911155: Worker 1: training step 886 done (global step: 1491)
1499244628.920994: Worker 1: training step 887 done (global step: 1493)
1499244628.931260: Worker 1: training step 888 done (global step: 1495)
1499244628.941857: Worker 1: training step 889 done (global step: 1497)
1499244628.952805: Worker 1: training step 890 done (global step: 1499)
1499244628.966060: Worker 1: training step 891 done (global step: 1501)
1499244628.976555: Worker 1: training step 892 done (global step: 1503)
1499244628.986000: Worker 1: training step 893 done (global step: 1505)
1499244628.999222: Worker 1: training step 894 done (global step: 1507)
1499244629.012506: Worker 1: training step 895 done (global step: 1509)
1499244629.021095: Worker 1: training step 896 done (global step: 1511)
1499244629.031031: Worker 1: training step 897 done (global step: 1513)
1499244629.041268: Worker 1: training step 898 done (global step: 1515)
1499244629.052744: Worker 1: training step 899 done (global step: 1517)
1499244629.064373: Worker 1: training step 900 done (global step: 1519)
1499244629.073194: Worker 1: training step 901 done (global step: 1521)
1499244629.082102: Worker 1: training step 902 done (global step: 1523)
1499244629.092984: Worker 1: training step 903 done (global step: 1525)
1499244629.102317: Worker 1: training step 904 done (global step: 1527)
1499244629.113641: Worker 1: training step 905 done (global step: 1529)
1499244629.122593: Worker 1: training step 906 done (global step: 1531)
1499244629.131192: Worker 1: training step 907 done (global step: 1533)
1499244629.141408: Worker 1: training step 908 done (global step: 1535)
1499244629.155348: Worker 1: training step 909 done (global step: 1537)
1499244629.167175: Worker 1: training step 910 done (global step: 1539)
1499244629.178558: Worker 1: training step 911 done (global step: 1541)
1499244629.190649: Worker 1: training step 912 done (global step: 1543)
1499244629.202322: Worker 1: training step 913 done (global step: 1545)
1499244629.213039: Worker 1: training step 914 done (global step: 1547)
1499244629.220221: Worker 1: training step 915 done (global step: 1548)
1499244629.229549: Worker 1: training step 916 done (global step: 1550)
1499244629.239959: Worker 1: training step 917 done (global step: 1552)
1499244629.251508: Worker 1: training step 918 done (global step: 1554)
1499244629.262878: Worker 1: training step 919 done (global step: 1556)
1499244629.272269: Worker 1: training step 920 done (global step: 1558)
1499244629.281674: Worker 1: training step 921 done (global step: 1560)
1499244629.291677: Worker 1: training step 922 done (global step: 1562)
1499244629.310174: Worker 1: training step 923 done (global step: 1564)
1499244629.323435: Worker 1: training step 924 done (global step: 1566)
1499244629.332650: Worker 1: training step 925 done (global step: 1568)
1499244629.342121: Worker 1: training step 926 done (global step: 1570)
1499244629.354512: Worker 1: training step 927 done (global step: 1572)
1499244629.364737: Worker 1: training step 928 done (global step: 1574)
1499244629.376052: Worker 1: training step 929 done (global step: 1576)
1499244629.384743: Worker 1: training step 930 done (global step: 1579)
1499244629.393950: Worker 1: training step 931 done (global step: 1581)
1499244629.405058: Worker 1: training step 932 done (global step: 1582)
1499244629.415079: Worker 1: training step 933 done (global step: 1585)
1499244629.424125: Worker 1: training step 934 done (global step: 1586)
1499244629.432959: Worker 1: training step 935 done (global step: 1589)
1499244629.442020: Worker 1: training step 936 done (global step: 1591)
1499244629.451796: Worker 1: training step 937 done (global step: 1593)
1499244629.462116: Worker 1: training step 938 done (global step: 1594)
1499244629.470210: Worker 1: training step 939 done (global step: 1596)
1499244629.479559: Worker 1: training step 940 done (global step: 1598)
1499244629.488030: Worker 1: training step 941 done (global step: 1600)
1499244629.498452: Worker 1: training step 942 done (global step: 1602)
1499244629.512789: Worker 1: training step 943 done (global step: 1604)
1499244629.520992: Worker 1: training step 944 done (global step: 1606)
1499244629.530610: Worker 1: training step 945 done (global step: 1608)
1499244629.539148: Worker 1: training step 946 done (global step: 1610)
1499244629.547952: Worker 1: training step 947 done (global step: 1612)
1499244629.556944: Worker 1: training step 948 done (global step: 1614)
1499244629.565751: Worker 1: training step 949 done (global step: 1616)
1499244629.574654: Worker 1: training step 950 done (global step: 1618)
1499244629.583390: Worker 1: training step 951 done (global step: 1620)
1499244629.592933: Worker 1: training step 952 done (global step: 1622)
1499244629.601728: Worker 1: training step 953 done (global step: 1624)
1499244629.611588: Worker 1: training step 954 done (global step: 1626)
1499244629.620175: Worker 1: training step 955 done (global step: 1628)
1499244629.628991: Worker 1: training step 956 done (global step: 1630)
1499244629.637121: Worker 1: training step 957 done (global step: 1632)
1499244629.646573: Worker 1: training step 958 done (global step: 1634)
1499244629.655141: Worker 1: training step 959 done (global step: 1636)
1499244629.664279: Worker 1: training step 960 done (global step: 1638)
1499244629.673463: Worker 1: training step 961 done (global step: 1640)
1499244629.682505: Worker 1: training step 962 done (global step: 1642)
1499244629.691603: Worker 1: training step 963 done (global step: 1644)
1499244629.700233: Worker 1: training step 964 done (global step: 1646)
1499244629.709216: Worker 1: training step 965 done (global step: 1648)
1499244629.717560: Worker 1: training step 966 done (global step: 1650)
1499244629.726647: Worker 1: training step 967 done (global step: 1652)
1499244629.733827: Worker 1: training step 968 done (global step: 1654)
1499244629.742644: Worker 1: training step 969 done (global step: 1656)
1499244629.749387: Worker 1: training step 970 done (global step: 1658)
1499244629.759301: Worker 1: training step 971 done (global step: 1659)
1499244629.768426: Worker 1: training step 972 done (global step: 1661)
1499244629.778257: Worker 1: training step 973 done (global step: 1663)
1499244629.785729: Worker 1: training step 974 done (global step: 1665)
1499244629.795618: Worker 1: training step 975 done (global step: 1667)
1499244629.805702: Worker 1: training step 976 done (global step: 1670)
1499244629.814156: Worker 1: training step 977 done (global step: 1672)
1499244629.823718: Worker 1: training step 978 done (global step: 1673)
1499244629.833118: Worker 1: training step 979 done (global step: 1675)
1499244629.843506: Worker 1: training step 980 done (global step: 1677)
1499244629.851977: Worker 1: training step 981 done (global step: 1679)
1499244629.859865: Worker 1: training step 982 done (global step: 1681)
1499244629.867441: Worker 1: training step 983 done (global step: 1683)
1499244629.875698: Worker 1: training step 984 done (global step: 1685)
1499244629.883723: Worker 1: training step 985 done (global step: 1687)
1499244629.892263: Worker 1: training step 986 done (global step: 1689)
1499244629.899682: Worker 1: training step 987 done (global step: 1691)
1499244629.908210: Worker 1: training step 988 done (global step: 1693)
1499244629.915928: Worker 1: training step 989 done (global step: 1695)
1499244629.923913: Worker 1: training step 990 done (global step: 1697)
1499244629.932885: Worker 1: training step 991 done (global step: 1699)
1499244629.942073: Worker 1: training step 992 done (global step: 1701)
1499244629.950440: Worker 1: training step 993 done (global step: 1703)
1499244629.960033: Worker 1: training step 994 done (global step: 1705)
1499244629.972424: Worker 1: training step 995 done (global step: 1707)
1499244629.981729: Worker 1: training step 996 done (global step: 1709)
1499244629.991537: Worker 1: training step 997 done (global step: 1711)
1499244630.000966: Worker 1: training step 998 done (global step: 1713)
1499244630.010778: Worker 1: training step 999 done (global step: 1715)
1499244630.019223: Worker 1: training step 1000 done (global step: 1717)
1499244630.028807: Worker 1: training step 1001 done (global step: 1719)
1499244630.037201: Worker 1: training step 1002 done (global step: 1721)
1499244630.047348: Worker 1: training step 1003 done (global step: 1723)
1499244630.056672: Worker 1: training step 1004 done (global step: 1725)
1499244630.067413: Worker 1: training step 1005 done (global step: 1727)
1499244630.077582: Worker 1: training step 1006 done (global step: 1729)
1499244630.086681: Worker 1: training step 1007 done (global step: 1731)
1499244630.096332: Worker 1: training step 1008 done (global step: 1733)
1499244630.105285: Worker 1: training step 1009 done (global step: 1735)
1499244630.115151: Worker 1: training step 1010 done (global step: 1736)
1499244630.127060: Worker 1: training step 1011 done (global step: 1738)
1499244630.134794: Worker 1: training step 1012 done (global step: 1740)
1499244630.144492: Worker 1: training step 1013 done (global step: 1742)
1499244630.154394: Worker 1: training step 1014 done (global step: 1744)
1499244630.165373: Worker 1: training step 1015 done (global step: 1746)
1499244630.175240: Worker 1: training step 1016 done (global step: 1748)
1499244630.185178: Worker 1: training step 1017 done (global step: 1750)
1499244630.195866: Worker 1: training step 1018 done (global step: 1752)
1499244630.208564: Worker 1: training step 1019 done (global step: 1754)
1499244630.223113: Worker 1: training step 1020 done (global step: 1756)
1499244630.233374: Worker 1: training step 1021 done (global step: 1758)
1499244630.243638: Worker 1: training step 1022 done (global step: 1760)
1499244630.256125: Worker 1: training step 1023 done (global step: 1762)
1499244630.272612: Worker 1: training step 1024 done (global step: 1764)
1499244630.284769: Worker 1: training step 1025 done (global step: 1766)
1499244630.295118: Worker 1: training step 1026 done (global step: 1768)
1499244630.304288: Worker 1: training step 1027 done (global step: 1770)
1499244630.318855: Worker 1: training step 1028 done (global step: 1772)
1499244630.330978: Worker 1: training step 1029 done (global step: 1774)
1499244630.341265: Worker 1: training step 1030 done (global step: 1776)
1499244630.350542: Worker 1: training step 1031 done (global step: 1778)
1499244630.363088: Worker 1: training step 1032 done (global step: 1780)
1499244630.374566: Worker 1: training step 1033 done (global step: 1783)
1499244630.384723: Worker 1: training step 1034 done (global step: 1784)
1499244630.394112: Worker 1: training step 1035 done (global step: 1787)
1499244630.403534: Worker 1: training step 1036 done (global step: 1788)
1499244630.419590: Worker 1: training step 1037 done (global step: 1791)
1499244630.432940: Worker 1: training step 1038 done (global step: 1792)
1499244630.443103: Worker 1: training step 1039 done (global step: 1794)
1499244630.452444: Worker 1: training step 1040 done (global step: 1796)
1499244630.467331: Worker 1: training step 1041 done (global step: 1799)
1499244630.478945: Worker 1: training step 1042 done (global step: 1801)
1499244630.487481: Worker 1: training step 1043 done (global step: 1803)
1499244630.497182: Worker 1: training step 1044 done (global step: 1805)
1499244630.505926: Worker 1: training step 1045 done (global step: 1807)
1499244630.518049: Worker 1: training step 1046 done (global step: 1809)
1499244630.529334: Worker 1: training step 1047 done (global step: 1811)
1499244630.538149: Worker 1: training step 1048 done (global step: 1813)
1499244630.548525: Worker 1: training step 1049 done (global step: 1815)
1499244630.558417: Worker 1: training step 1050 done (global step: 1817)
1499244630.569842: Worker 1: training step 1051 done (global step: 1819)
1499244630.581911: Worker 1: training step 1052 done (global step: 1821)
1499244630.591582: Worker 1: training step 1053 done (global step: 1823)
1499244630.600540: Worker 1: training step 1054 done (global step: 1825)
1499244630.609902: Worker 1: training step 1055 done (global step: 1827)
1499244630.623619: Worker 1: training step 1056 done (global step: 1829)
1499244630.634895: Worker 1: training step 1057 done (global step: 1831)
1499244630.644039: Worker 1: training step 1058 done (global step: 1833)
1499244630.652094: Worker 1: training step 1059 done (global step: 1835)
1499244630.666024: Worker 1: training step 1060 done (global step: 1837)
1499244630.677119: Worker 1: training step 1061 done (global step: 1840)
1499244630.685849: Worker 1: training step 1062 done (global step: 1842)
1499244630.695015: Worker 1: training step 1063 done (global step: 1843)
1499244630.702840: Worker 1: training step 1064 done (global step: 1846)
1499244630.715565: Worker 1: training step 1065 done (global step: 1848)
1499244630.725602: Worker 1: training step 1066 done (global step: 1850)
1499244630.734608: Worker 1: training step 1067 done (global step: 1852)
1499244630.743511: Worker 1: training step 1068 done (global step: 1854)
1499244630.751438: Worker 1: training step 1069 done (global step: 1856)
1499244630.760097: Worker 1: training step 1070 done (global step: 1857)
1499244630.771343: Worker 1: training step 1071 done (global step: 1859)
1499244630.781199: Worker 1: training step 1072 done (global step: 1861)
1499244630.789084: Worker 1: training step 1073 done (global step: 1863)
1499244630.798124: Worker 1: training step 1074 done (global step: 1865)
1499244630.807343: Worker 1: training step 1075 done (global step: 1867)
1499244630.818775: Worker 1: training step 1076 done (global step: 1869)
1499244630.830075: Worker 1: training step 1077 done (global step: 1871)
1499244630.838367: Worker 1: training step 1078 done (global step: 1873)
1499244630.847206: Worker 1: training step 1079 done (global step: 1875)
1499244630.855618: Worker 1: training step 1080 done (global step: 1877)
1499244630.866843: Worker 1: training step 1081 done (global step: 1879)
1499244630.876389: Worker 1: training step 1082 done (global step: 1881)
1499244630.884825: Worker 1: training step 1083 done (global step: 1883)
1499244630.893789: Worker 1: training step 1084 done (global step: 1885)
1499244630.902208: Worker 1: training step 1085 done (global step: 1887)
1499244630.911186: Worker 1: training step 1086 done (global step: 1889)
1499244630.922056: Worker 1: training step 1087 done (global step: 1891)
1499244630.931815: Worker 1: training step 1088 done (global step: 1893)
1499244630.940603: Worker 1: training step 1089 done (global step: 1895)
1499244630.950289: Worker 1: training step 1090 done (global step: 1897)
1499244630.959573: Worker 1: training step 1091 done (global step: 1899)
1499244630.968207: Worker 1: training step 1092 done (global step: 1901)
1499244630.977997: Worker 1: training step 1093 done (global step: 1903)
1499244630.987298: Worker 1: training step 1094 done (global step: 1905)
1499244630.997225: Worker 1: training step 1095 done (global step: 1907)
1499244631.007119: Worker 1: training step 1096 done (global step: 1909)
1499244631.016081: Worker 1: training step 1097 done (global step: 1911)
1499244631.025935: Worker 1: training step 1098 done (global step: 1913)
1499244631.033950: Worker 1: training step 1099 done (global step: 1915)
1499244631.042501: Worker 1: training step 1100 done (global step: 1917)
1499244631.278532: Worker 1: training step 1101 done (global step: 1953)
1499244631.287605: Worker 1: training step 1102 done (global step: 1955)
1499244631.295288: Worker 1: training step 1103 done (global step: 1957)
1499244631.303261: Worker 1: training step 1104 done (global step: 1958)
1499244631.311329: Worker 1: training step 1105 done (global step: 1960)
1499244631.318960: Worker 1: training step 1106 done (global step: 1962)
1499244631.327880: Worker 1: training step 1107 done (global step: 1964)
1499244631.334069: Worker 1: training step 1108 done (global step: 1965)
1499244631.343195: Worker 1: training step 1109 done (global step: 1967)
1499244631.351873: Worker 1: training step 1110 done (global step: 1969)
1499244631.361541: Worker 1: training step 1111 done (global step: 1971)
1499244631.370877: Worker 1: training step 1112 done (global step: 1973)
1499244631.379490: Worker 1: training step 1113 done (global step: 1975)
1499244631.388326: Worker 1: training step 1114 done (global step: 1977)
1499244631.397321: Worker 1: training step 1115 done (global step: 1979)
1499244631.407419: Worker 1: training step 1116 done (global step: 1981)
1499244631.415610: Worker 1: training step 1117 done (global step: 1983)
1499244631.425786: Worker 1: training step 1118 done (global step: 1985)
1499244631.433846: Worker 1: training step 1119 done (global step: 1987)
1499244631.443863: Worker 1: training step 1120 done (global step: 1989)
1499244631.452651: Worker 1: training step 1121 done (global step: 1990)
1499244631.463271: Worker 1: training step 1122 done (global step: 1993)
1499244631.472319: Worker 1: training step 1123 done (global step: 1995)
1499244631.481303: Worker 1: training step 1124 done (global step: 1997)
1499244631.491025: Worker 1: training step 1125 done (global step: 1998)
1499244631.501076: Worker 1: training step 1126 done (global step: 2001)
1499244631.510245: Worker 1: training step 1127 done (global step: 2003)
1499244631.519051: Worker 1: training step 1128 done (global step: 2005)
1499244631.528597: Worker 1: training step 1129 done (global step: 2007)
1499244631.537088: Worker 1: training step 1130 done (global step: 2009)
1499244631.545339: Worker 1: training step 1131 done (global step: 2011)
1499244631.553716: Worker 1: training step 1132 done (global step: 2013)
1499244631.563457: Worker 1: training step 1133 done (global step: 2015)
1499244631.574426: Worker 1: training step 1134 done (global step: 2017)
1499244631.582845: Worker 1: training step 1135 done (global step: 2019)
1499244631.591790: Worker 1: training step 1136 done (global step: 2021)
1499244631.600224: Worker 1: training step 1137 done (global step: 2023)
1499244631.609140: Worker 1: training step 1138 done (global step: 2025)
1499244631.617352: Worker 1: training step 1139 done (global step: 2027)
1499244631.626813: Worker 1: training step 1140 done (global step: 2028)
1499244631.635527: Worker 1: training step 1141 done (global step: 2031)
1499244631.645953: Worker 1: training step 1142 done (global step: 2033)
1499244631.654755: Worker 1: training step 1143 done (global step: 2035)
1499244631.663999: Worker 1: training step 1144 done (global step: 2037)
1499244631.672494: Worker 1: training step 1145 done (global step: 2039)
1499244631.680427: Worker 1: training step 1146 done (global step: 2041)
1499244631.691964: Worker 1: training step 1147 done (global step: 2043)
1499244631.700588: Worker 1: training step 1148 done (global step: 2045)
1499244631.710701: Worker 1: training step 1149 done (global step: 2047)
1499244631.721435: Worker 1: training step 1150 done (global step: 2049)
1499244631.730146: Worker 1: training step 1151 done (global step: 2051)
1499244631.743166: Worker 1: training step 1152 done (global step: 2053)
1499244631.751694: Worker 1: training step 1153 done (global step: 2056)
1499244631.761003: Worker 1: training step 1154 done (global step: 2058)
1499244631.769271: Worker 1: training step 1155 done (global step: 2060)
1499244631.782028: Worker 1: training step 1156 done (global step: 2063)
1499244631.789791: Worker 1: training step 1157 done (global step: 2065)
1499244631.801884: Worker 1: training step 1158 done (global step: 2067)
1499244631.811846: Worker 1: training step 1159 done (global step: 2070)
1499244631.819695: Worker 1: training step 1160 done (global step: 2072)
1499244631.829213: Worker 1: training step 1161 done (global step: 2074)
1499244631.837336: Worker 1: training step 1162 done (global step: 2076)
1499244631.846220: Worker 1: training step 1163 done (global step: 2078)
1499244631.854269: Worker 1: training step 1164 done (global step: 2080)
1499244631.863408: Worker 1: training step 1165 done (global step: 2082)
1499244631.872566: Worker 1: training step 1166 done (global step: 2084)
1499244631.883678: Worker 1: training step 1167 done (global step: 2086)
1499244631.892810: Worker 1: training step 1168 done (global step: 2089)
1499244631.900882: Worker 1: training step 1169 done (global step: 2090)
1499244631.909723: Worker 1: training step 1170 done (global step: 2093)
1499244631.916747: Worker 1: training step 1171 done (global step: 2094)
1499244631.925585: Worker 1: training step 1172 done (global step: 2096)
1499244631.934175: Worker 1: training step 1173 done (global step: 2098)
1499244631.943313: Worker 1: training step 1174 done (global step: 2100)
1499244631.951672: Worker 1: training step 1175 done (global step: 2102)
1499244631.960416: Worker 1: training step 1176 done (global step: 2104)
1499244631.969002: Worker 1: training step 1177 done (global step: 2106)
1499244631.979036: Worker 1: training step 1178 done (global step: 2108)
1499244631.987606: Worker 1: training step 1179 done (global step: 2110)
1499244631.996508: Worker 1: training step 1180 done (global step: 2112)
1499244632.005604: Worker 1: training step 1181 done (global step: 2114)
1499244632.016914: Worker 1: training step 1182 done (global step: 2116)
1499244632.026470: Worker 1: training step 1183 done (global step: 2118)
1499244632.035237: Worker 1: training step 1184 done (global step: 2120)
1499244632.047643: Worker 1: training step 1185 done (global step: 2122)
1499244632.058085: Worker 1: training step 1186 done (global step: 2124)
1499244632.068457: Worker 1: training step 1187 done (global step: 2126)
1499244632.075983: Worker 1: training step 1188 done (global step: 2128)
1499244632.083734: Worker 1: training step 1189 done (global step: 2130)
1499244632.092643: Worker 1: training step 1190 done (global step: 2131)
1499244632.101344: Worker 1: training step 1191 done (global step: 2134)
1499244632.111484: Worker 1: training step 1192 done (global step: 2136)
1499244632.119683: Worker 1: training step 1193 done (global step: 2138)
1499244632.128878: Worker 1: training step 1194 done (global step: 2140)
1499244632.137218: Worker 1: training step 1195 done (global step: 2142)
1499244632.145341: Worker 1: training step 1196 done (global step: 2144)
1499244632.154745: Worker 1: training step 1197 done (global step: 2146)
1499244632.163794: Worker 1: training step 1198 done (global step: 2148)
1499244632.171920: Worker 1: training step 1199 done (global step: 2150)
1499244632.181119: Worker 1: training step 1200 done (global step: 2152)
1499244632.189450: Worker 1: training step 1201 done (global step: 2154)
1499244632.198517: Worker 1: training step 1202 done (global step: 2155)
1499244632.206851: Worker 1: training step 1203 done (global step: 2157)
1499244632.215767: Worker 1: training step 1204 done (global step: 2159)
1499244632.225343: Worker 1: training step 1205 done (global step: 2162)
1499244632.234028: Worker 1: training step 1206 done (global step: 2164)
1499244632.242895: Worker 1: training step 1207 done (global step: 2166)
1499244632.251383: Worker 1: training step 1208 done (global step: 2168)
1499244632.259273: Worker 1: training step 1209 done (global step: 2170)
1499244632.268064: Worker 1: training step 1210 done (global step: 2172)
1499244632.276761: Worker 1: training step 1211 done (global step: 2174)
1499244632.283356: Worker 1: training step 1212 done (global step: 2175)
1499244632.292443: Worker 1: training step 1213 done (global step: 2177)
1499244632.299700: Worker 1: training step 1214 done (global step: 2179)
1499244632.308990: Worker 1: training step 1215 done (global step: 2181)
1499244632.317777: Worker 1: training step 1216 done (global step: 2183)
1499244632.327052: Worker 1: training step 1217 done (global step: 2185)
1499244632.337795: Worker 1: training step 1218 done (global step: 2187)
1499244632.344810: Worker 1: training step 1219 done (global step: 2189)
1499244632.351855: Worker 1: training step 1220 done (global step: 2191)
1499244632.361116: Worker 1: training step 1221 done (global step: 2193)
1499244632.369421: Worker 1: training step 1222 done (global step: 2195)
1499244632.377305: Worker 1: training step 1223 done (global step: 2197)
1499244632.385417: Worker 1: training step 1224 done (global step: 2198)
1499244632.395290: Worker 1: training step 1225 done (global step: 2200)
1499244632.404915: Worker 1: training step 1226 done (global step: 2203)
1499244632.413029: Worker 1: training step 1227 done (global step: 2205)
1499244632.422108: Worker 1: training step 1228 done (global step: 2207)
1499244632.430327: Worker 1: training step 1229 done (global step: 2209)
1499244632.439086: Worker 1: training step 1230 done (global step: 2211)
1499244632.451942: Worker 1: training step 1231 done (global step: 2213)
1499244632.463443: Worker 1: training step 1232 done (global step: 2215)
1499244632.477086: Worker 1: training step 1233 done (global step: 2217)
1499244632.490904: Worker 1: training step 1234 done (global step: 2219)
1499244632.501876: Worker 1: training step 1235 done (global step: 2221)
1499244632.513744: Worker 1: training step 1236 done (global step: 2223)
1499244632.525219: Worker 1: training step 1237 done (global step: 2225)
1499244632.535033: Worker 1: training step 1238 done (global step: 2227)
1499244632.544235: Worker 1: training step 1239 done (global step: 2229)
1499244632.552762: Worker 1: training step 1240 done (global step: 2231)
1499244632.561696: Worker 1: training step 1241 done (global step: 2233)
1499244632.572133: Worker 1: training step 1242 done (global step: 2235)
1499244632.581821: Worker 1: training step 1243 done (global step: 2237)
1499244632.590284: Worker 1: training step 1244 done (global step: 2239)
1499244632.601331: Worker 1: training step 1245 done (global step: 2241)
1499244632.611019: Worker 1: training step 1246 done (global step: 2243)
1499244632.621862: Worker 1: training step 1247 done (global step: 2245)
1499244632.630913: Worker 1: training step 1248 done (global step: 2247)
1499244632.640395: Worker 1: training step 1249 done (global step: 2249)
1499244632.650378: Worker 1: training step 1250 done (global step: 2251)
1499244632.664610: Worker 1: training step 1251 done (global step: 2253)
1499244632.673846: Worker 1: training step 1252 done (global step: 2255)
1499244632.683574: Worker 1: training step 1253 done (global step: 2257)
1499244632.697830: Worker 1: training step 1254 done (global step: 2259)
1499244632.709794: Worker 1: training step 1255 done (global step: 2260)
1499244632.722296: Worker 1: training step 1256 done (global step: 2262)
1499244632.732038: Worker 1: training step 1257 done (global step: 2264)
1499244632.742379: Worker 1: training step 1258 done (global step: 2266)
1499244632.751277: Worker 1: training step 1259 done (global step: 2268)
1499244632.762769: Worker 1: training step 1260 done (global step: 2270)
1499244632.774618: Worker 1: training step 1261 done (global step: 2272)
1499244632.783299: Worker 1: training step 1262 done (global step: 2274)
1499244632.792250: Worker 1: training step 1263 done (global step: 2276)
1499244632.801671: Worker 1: training step 1264 done (global step: 2278)
1499244632.810898: Worker 1: training step 1265 done (global step: 2280)
1499244632.819665: Worker 1: training step 1266 done (global step: 2282)
1499244632.830939: Worker 1: training step 1267 done (global step: 2284)
1499244632.839813: Worker 1: training step 1268 done (global step: 2286)
1499244632.849101: Worker 1: training step 1269 done (global step: 2288)
1499244632.858727: Worker 1: training step 1270 done (global step: 2290)
1499244632.867335: Worker 1: training step 1271 done (global step: 2292)
1499244632.879369: Worker 1: training step 1272 done (global step: 2294)
1499244632.889260: Worker 1: training step 1273 done (global step: 2296)
1499244632.898057: Worker 1: training step 1274 done (global step: 2298)
1499244632.906633: Worker 1: training step 1275 done (global step: 2300)
1499244632.915146: Worker 1: training step 1276 done (global step: 2301)
1499244632.926002: Worker 1: training step 1277 done (global step: 2304)
1499244632.934195: Worker 1: training step 1278 done (global step: 2306)
1499244632.942963: Worker 1: training step 1279 done (global step: 2307)
1499244632.952752: Worker 1: training step 1280 done (global step: 2310)
1499244632.962968: Worker 1: training step 1281 done (global step: 2312)
1499244632.976903: Worker 1: training step 1282 done (global step: 2314)
1499244632.983943: Worker 1: training step 1283 done (global step: 2316)
1499244632.991731: Worker 1: training step 1284 done (global step: 2318)
1499244633.000221: Worker 1: training step 1285 done (global step: 2320)
1499244633.009495: Worker 1: training step 1286 done (global step: 2322)
1499244633.018592: Worker 1: training step 1287 done (global step: 2324)
1499244633.030847: Worker 1: training step 1288 done (global step: 2326)
1499244633.040184: Worker 1: training step 1289 done (global step: 2328)
1499244633.049466: Worker 1: training step 1290 done (global step: 2330)
1499244633.059068: Worker 1: training step 1291 done (global step: 2332)
1499244633.067301: Worker 1: training step 1292 done (global step: 2334)
1499244633.076916: Worker 1: training step 1293 done (global step: 2336)
1499244633.113745: Worker 1: training step 1294 done (global step: 2338)
1499244633.130321: Worker 1: training step 1295 done (global step: 2340)
1499244633.142073: Worker 1: training step 1296 done (global step: 2342)
1499244633.153492: Worker 1: training step 1297 done (global step: 2344)
1499244633.163331: Worker 1: training step 1298 done (global step: 2346)
1499244633.175325: Worker 1: training step 1299 done (global step: 2348)
1499244633.186060: Worker 1: training step 1300 done (global step: 2350)
1499244633.195186: Worker 1: training step 1301 done (global step: 2352)
1499244633.205851: Worker 1: training step 1302 done (global step: 2354)
1499244633.218103: Worker 1: training step 1303 done (global step: 2356)
1499244633.229914: Worker 1: training step 1304 done (global step: 2358)
1499244633.239971: Worker 1: training step 1305 done (global step: 2360)
1499244633.248948: Worker 1: training step 1306 done (global step: 2362)
1499244633.258015: Worker 1: training step 1307 done (global step: 2364)
1499244633.266766: Worker 1: training step 1308 done (global step: 2366)
1499244633.276734: Worker 1: training step 1309 done (global step: 2368)
1499244633.285167: Worker 1: training step 1310 done (global step: 2370)
1499244633.294874: Worker 1: training step 1311 done (global step: 2372)
1499244633.303210: Worker 1: training step 1312 done (global step: 2374)
1499244633.312915: Worker 1: training step 1313 done (global step: 2376)
1499244633.322340: Worker 1: training step 1314 done (global step: 2378)
1499244633.331817: Worker 1: training step 1315 done (global step: 2380)
1499244633.341684: Worker 1: training step 1316 done (global step: 2382)
1499244633.350998: Worker 1: training step 1317 done (global step: 2384)
1499244633.361472: Worker 1: training step 1318 done (global step: 2386)
1499244633.370997: Worker 1: training step 1319 done (global step: 2388)
1499244633.381469: Worker 1: training step 1320 done (global step: 2390)
1499244633.390614: Worker 1: training step 1321 done (global step: 2392)
1499244633.401960: Worker 1: training step 1322 done (global step: 2394)
1499244633.413611: Worker 1: training step 1323 done (global step: 2396)
1499244633.422128: Worker 1: training step 1324 done (global step: 2398)
1499244633.431999: Worker 1: training step 1325 done (global step: 2400)
1499244633.439702: Worker 1: training step 1326 done (global step: 2401)
1499244633.448905: Worker 1: training step 1327 done (global step: 2403)
1499244633.457977: Worker 1: training step 1328 done (global step: 2405)
1499244633.468540: Worker 1: training step 1329 done (global step: 2407)
1499244633.481403: Worker 1: training step 1330 done (global step: 2409)
1499244633.490204: Worker 1: training step 1331 done (global step: 2411)
1499244633.498936: Worker 1: training step 1332 done (global step: 2413)
1499244633.508057: Worker 1: training step 1333 done (global step: 2415)
1499244633.516742: Worker 1: training step 1334 done (global step: 2417)
1499244633.527094: Worker 1: training step 1335 done (global step: 2419)
1499244633.536528: Worker 1: training step 1336 done (global step: 2421)
1499244633.551703: Worker 1: training step 1337 done (global step: 2423)
1499244633.563937: Worker 1: training step 1338 done (global step: 2426)
1499244633.572985: Worker 1: training step 1339 done (global step: 2428)
1499244633.581890: Worker 1: training step 1340 done (global step: 2430)
1499244633.591134: Worker 1: training step 1341 done (global step: 2432)
1499244633.599473: Worker 1: training step 1342 done (global step: 2434)
1499244633.608199: Worker 1: training step 1343 done (global step: 2436)
1499244633.616791: Worker 1: training step 1344 done (global step: 2438)
1499244633.625811: Worker 1: training step 1345 done (global step: 2440)
1499244633.633663: Worker 1: training step 1346 done (global step: 2442)
1499244633.642434: Worker 1: training step 1347 done (global step: 2444)
1499244633.650555: Worker 1: training step 1348 done (global step: 2446)
1499244633.660052: Worker 1: training step 1349 done (global step: 2448)
1499244633.668203: Worker 1: training step 1350 done (global step: 2450)
1499244633.677025: Worker 1: training step 1351 done (global step: 2452)
1499244633.685522: Worker 1: training step 1352 done (global step: 2454)
1499244633.694434: Worker 1: training step 1353 done (global step: 2456)
1499244633.702188: Worker 1: training step 1354 done (global step: 2458)
1499244633.711004: Worker 1: training step 1355 done (global step: 2460)
1499244633.718852: Worker 1: training step 1356 done (global step: 2462)
1499244633.727958: Worker 1: training step 1357 done (global step: 2464)
1499244633.736049: Worker 1: training step 1358 done (global step: 2466)
1499244633.745544: Worker 1: training step 1359 done (global step: 2468)
1499244633.753564: Worker 1: training step 1360 done (global step: 2470)
1499244633.763355: Worker 1: training step 1361 done (global step: 2472)
1499244633.772195: Worker 1: training step 1362 done (global step: 2474)
1499244633.781014: Worker 1: training step 1363 done (global step: 2476)
1499244633.789799: Worker 1: training step 1364 done (global step: 2478)
1499244633.798347: Worker 1: training step 1365 done (global step: 2480)
1499244633.807614: Worker 1: training step 1366 done (global step: 2482)
1499244633.816030: Worker 1: training step 1367 done (global step: 2484)
1499244633.825438: Worker 1: training step 1368 done (global step: 2486)
1499244633.834004: Worker 1: training step 1369 done (global step: 2488)
1499244633.843473: Worker 1: training step 1370 done (global step: 2490)
1499244633.849212: Worker 1: training step 1371 done (global step: 2492)
1499244633.857420: Worker 1: training step 1372 done (global step: 2493)
1499244633.863662: Worker 1: training step 1373 done (global step: 2494)
1499244633.871281: Worker 1: training step 1374 done (global step: 2495)
1499244633.878867: Worker 1: training step 1375 done (global step: 2496)
1499244633.989402: Worker 1: training step 1376 done (global step: 2497)
1499244633.999807: Worker 1: training step 1377 done (global step: 2498)
1499244634.008396: Worker 1: training step 1378 done (global step: 2499)
1499244634.021376: Worker 1: training step 1379 done (global step: 2500)
Training ends @ 1499244634.021461
Training elapsed time: 15.887865 s
After 2500 training step(s), validation cross entropy = 964.409
